#
# A fatal error has been detected by the Java Runtime Environment:
#
#  EXCEPTION_ACCESS_VIOLATION (0xc0000005) at pc=0x000007fefd380cc2, pid=15316, tid=0x0000000000003bfc
#
# JRE version: Java(TM) SE Runtime Environment (8.0_144-b01) (build 1.8.0_144-b01)
# Java VM: Java HotSpot(TM) 64-Bit Server VM (25.144-b01 mixed mode windows-amd64 compressed oops)
# Problematic frame:
# C  [ole32.dll+0x40cc2]
#
# Failed to write core dump. Minidumps are not enabled by default on client versions of Windows
#
# If you would like to submit a bug report, please visit:
#   http://bugreport.java.com/bugreport/crash.jsp
# The crash happened outside the Java Virtual Machine in native code.
# See problematic frame for where to report the bug.
#

---------------  T H R E A D  ---------------

Current thread (0x0000000054b6e000):  JavaThread "Finalizer" daemon [_thread_in_native, id=15356, stack(0x0000000056090000,0x0000000056190000)]

siginfo: ExceptionCode=0xc0000005, reading address 0x00000000003527f0

Registers:
RAX=0x000007fefd4e4fd0, RBX=0x00000000003527d0, RCX=0x0000000058959438, RDX=0x0000000000100009
RSP=0x000000005618f3c0, RBP=0x000000005618f550, RSI=0x0000000000000000, RDI=0x0000000058959438
R8 =0x0000000000000d44, R9 =0x000007fefd4c5428, R10=0x0000000058959558, R11=0x0000000000000001
R12=0x0000000000000001, R13=0x0000000054969af8, R14=0x0000000000000000, R15=0x000007fefd4e5018
RIP=0x000007fefd380cc2, EFLAGS=0x0000000000010202

Top of Stack: (sp=0x000000005618f3c0)
0x000000005618f3c0:   0000000054969af8 0000000000000000
0x000000005618f3d0:   0000000000000001 000007fefd35f888
0x000000005618f3e0:   000000005618f570 0000000054969af8
0x000000005618f3f0:   0000000000000001 0000000058959430
0x000000005618f400:   0000000000000000 000007fefd3641f8
0x000000005618f410:   0000000054b6e000 0000000058959438
0x000000005618f420:   000000005618f550 0000000000000001
0x000000005618f430:   0000000000382010 000007fefd380498
0x000000005618f440:   0000000000000000 0000000000382010
0x000000005618f450:   000000005618f550 0000000000000000
0x000000005618f460:   0000000000000000 000000005618f570
0x000000005618f470:   0000000000000042 000007fefd36419b
0x000000005618f480:   0000000000382010 0000000058959430
0x000000005618f490:   000000005618f550 000000005618f570
0x000000005618f4a0:   000000005618f570 000007fef6162510
0x000000005618f4b0:   0000000080000000 0000000000382010 

Instructions: (pc=0x000007fefd380cc2)
0x000007fefd380ca2:   ff 48 8b 59 10 45 33 f6 48 8b f9 48 85 db 0f 84
0x000007fefd380cb2:   bb fe 01 00 4c 89 7c 24 50 4c 8d 3d 56 43 16 00
0x000007fefd380cc2:   48 8b 4b 20 81 4b 08 82 00 00 00 48 85 c9 0f 85
0x000007fefd380cd2:   64 94 fe ff 48 8b f3 48 8b 1b 48 85 db 75 e1 4c 


Register to memory mapping:

RAX=0x000007fefd4e4fd0 is an unknown value
RBX=0x00000000003527d0 is an unknown value
RCX=0x0000000058959438 is an unknown value
RDX=0x0000000000100009 is an unknown value
RSP=0x000000005618f3c0 is pointing into the stack for thread: 0x0000000054b6e000
RBP=0x000000005618f550 is pointing into the stack for thread: 0x0000000054b6e000
RSI=0x0000000000000000 is an unknown value
RDI=0x0000000058959438 is an unknown value
R8 =0x0000000000000d44 is an unknown value
R9 =0x000007fefd4c5428 is an unknown value
R10=0x0000000058959558 is an unknown value
R11=0x0000000000000001 is an unknown value
R12=0x0000000000000001 is an unknown value
R13={method} {0x0000000054969b00} 'release' '()V' in 'com/jacob/com/Dispatch'
R14=0x0000000000000000 is an unknown value
R15=0x000007fefd4e5018 is an unknown value


Stack: [0x0000000056090000,0x0000000056190000],  sp=0x000000005618f3c0,  free space=1020k
Native frames: (J=compiled Java code, j=interpreted, Vv=VM code, C=native code)
C  [ole32.dll+0x40cc2]
C  [ole32.dll+0x241f8]
C  [ole32.dll+0x40498]
C  [ole32.dll+0x2419b]
C  [jacob-1.19-x64.dll+0x2510]
C  0x00000000023e0fec

Java frames: (J=compiled Java code, j=interpreted, Vv=VM code)
j  com.jacob.com.Dispatch.release()V+0
j  com.jacob.com.Dispatch.safeRelease()V+12
j  com.jacob.com.Dispatch.finalize()V+1
j  com.jacob.activeX.ActiveXComponent.finalize()V+1
J 665 C1 java.lang.ref.Finalizer.runFinalizer(Lsun/misc/JavaLangAccess;)V (62 bytes) @ 0x0000000002666cd4 [0x0000000002666760+0x574]
J 664 C1 java.lang.ref.Finalizer.access$100(Ljava/lang/ref/Finalizer;Lsun/misc/JavaLangAccess;)V (6 bytes) @ 0x00000000026663b4 [0x0000000002666340+0x74]
j  java.lang.ref.Finalizer$FinalizerThread.run()V+45
v  ~StubRoutines::call_stub

---------------  P R O C E S S  ---------------

Java Threads: ( => current thread )
  0x0000000057e58000 JavaThread "Exec Stream Pumper" daemon [_thread_in_native, id=13160, stack(0x000000005a650000,0x000000005a750000)]
  0x000000005900e000 JavaThread "Exec Stream Pumper" daemon [_thread_in_native, id=14576, stack(0x000000005a160000,0x000000005a260000)]
  0x00000000593d4800 JavaThread "Exec Default Executor" daemon [_thread_in_native, id=11408, stack(0x000000005a2a0000,0x000000005a3a0000)]
  0x000000005623d800 JavaThread "Service Thread" daemon [_thread_blocked, id=13176, stack(0x00000000575f0000,0x00000000576f0000)]
  0x000000005622d000 JavaThread "C1 CompilerThread2" daemon [_thread_blocked, id=15116, stack(0x0000000057280000,0x0000000057380000)]
  0x000000005622c000 JavaThread "C2 CompilerThread1" daemon [_thread_blocked, id=11720, stack(0x0000000057380000,0x0000000057480000)]
  0x00000000561e0000 JavaThread "C2 CompilerThread0" daemon [_thread_blocked, id=14860, stack(0x00000000570b0000,0x00000000571b0000)]
  0x00000000561c5000 JavaThread "JDWP Command Reader" daemon [_thread_in_native, id=14624, stack(0x0000000056ca0000,0x0000000056da0000)]
  0x00000000561c3800 JavaThread "JDWP Event Helper Thread" daemon [_thread_blocked, id=15128, stack(0x0000000055f90000,0x0000000056090000)]
  0x00000000561b6000 JavaThread "JDWP Transport Listener: dt_socket" daemon [_thread_blocked, id=14380, stack(0x0000000056f00000,0x0000000057000000)]
  0x00000000561a2800 JavaThread "Attach Listener" daemon [_thread_blocked, id=14460, stack(0x0000000056770000,0x0000000056870000)]
  0x0000000054b85800 JavaThread "Signal Dispatcher" daemon [_thread_blocked, id=13716, stack(0x0000000056600000,0x0000000056700000)]
=>0x0000000054b6e000 JavaThread "Finalizer" daemon [_thread_in_native, id=15356, stack(0x0000000056090000,0x0000000056190000)]
  0x0000000054b27000 JavaThread "Reference Handler" daemon [_thread_blocked, id=11276, stack(0x0000000055e90000,0x0000000055f90000)]
  0x000000000214a800 JavaThread "main" [_thread_in_Java, id=14812, stack(0x00000000022c0000,0x00000000023c0000)]

Other Threads:
  0x0000000054b1f000 VMThread [stack: 0x0000000055c20000,0x0000000055d20000] [id=15312]
  0x0000000056241000 WatcherThread [stack: 0x0000000057740000,0x0000000057840000] [id=15064]

VM state:not at safepoint (normal execution)

VM Mutex/Monitor currently owned by a thread: None

Heap:
 PSYoungGen      total 18944K, used 3680K [0x00000000eb400000, 0x00000000ed700000, 0x0000000100000000)
  eden space 16384K, 6% used [0x00000000eb400000,0x00000000eb519038,0x00000000ec400000)
  from space 2560K, 99% used [0x00000000ec400000,0x00000000ec67f3a8,0x00000000ec680000)
  to   space 6144K, 0% used [0x00000000ed100000,0x00000000ed100000,0x00000000ed700000)
 ParOldGen       total 44032K, used 7787K [0x00000000c1c00000, 0x00000000c4700000, 0x00000000eb400000)
  object space 44032K, 17% used [0x00000000c1c00000,0x00000000c239ac20,0x00000000c4700000)
 Metaspace       used 17630K, capacity 17878K, committed 18048K, reserved 1064960K
  class space    used 2031K, capacity 2155K, committed 2176K, reserved 1048576K

Card table byte_map: [0x0000000011780000,0x0000000011980000] byte_map_base: 0x0000000011172000

Marking Bits: (ParMarkBitMap*) 0x00000000701ed850
 Begin Bits: [0x0000000012070000, 0x0000000013000000)
 End Bits:   [0x0000000013000000, 0x0000000013f90000)

Polling page: 0x0000000000100000

CodeCache: size=245760Kb used=7605Kb max_used=7605Kb free=238154Kb
 bounds [0x00000000023c0000, 0x0000000002b40000, 0x00000000113c0000]
 total_blobs=2582 nmethods=2178 adapters=324
 compilation: enabled

Compilation events (10 events):
Event: 220.743 Thread 0x000000005622d000 nmethod 2349 0x0000000002b24610 code [0x0000000002b247a0, 0x0000000002b24a58]
Event: 220.743 Thread 0x000000005622c000 2350       4       java.util.regex.Matcher::search (109 bytes)
Event: 220.747 Thread 0x000000005622c000 nmethod 2350 0x0000000002b23d50 code [0x0000000002b23ea0, 0x0000000002b242d8]
Event: 220.747 Thread 0x000000005622c000 2351  s    4       java.util.Hashtable::get (69 bytes)
Event: 220.753 Thread 0x000000005622c000 nmethod 2351 0x0000000002b29a50 code [0x0000000002b29bc0, 0x0000000002b2a418]
Event: 220.753 Thread 0x000000005622d000 2353   !   3       sun.net.www.ParseUtil::decode (316 bytes)
Event: 220.755 Thread 0x00000000561e0000 nmethod 2345 0x0000000002b2f4d0 code [0x0000000002b2f700, 0x0000000002b30ca8]
Event: 220.756 Thread 0x000000005622d000 nmethod 2353 0x0000000002b32190 code [0x0000000002b32700, 0x0000000002b36028]
Event: 220.756 Thread 0x000000005622d000 2352       1       java.util.Hashtable::access$400 (5 bytes)
Event: 220.756 Thread 0x000000005622d000 nmethod 2352 0x0000000002b22350 code [0x0000000002b224a0, 0x0000000002b22590]

GC Heap History (10 events):
Event: 1.193 GC heap before
{Heap before GC invocations=1 (full 0):
 PSYoungGen      total 18944K, used 16384K [0x00000000eb400000, 0x00000000ec900000, 0x0000000100000000)
  eden space 16384K, 100% used [0x00000000eb400000,0x00000000ec400000,0x00000000ec400000)
  from space 2560K, 0% used [0x00000000ec680000,0x00000000ec680000,0x00000000ec900000)
  to   space 2560K, 0% used [0x00000000ec400000,0x00000000ec400000,0x00000000ec680000)
 ParOldGen       total 44032K, used 0K [0x00000000c1c00000, 0x00000000c4700000, 0x00000000eb400000)
  object space 44032K, 0% used [0x00000000c1c00000,0x00000000c1c00000,0x00000000c4700000)
 Metaspace       used 8656K, capacity 8752K, committed 8960K, reserved 1056768K
  class space    used 950K, capacity 978K, committed 1024K, reserved 1048576K
Event: 1.198 GC heap after
Heap after GC invocations=1 (full 0):
 PSYoungGen      total 18944K, used 2544K [0x00000000eb400000, 0x00000000ec900000, 0x0000000100000000)
  eden space 16384K, 0% used [0x00000000eb400000,0x00000000eb400000,0x00000000ec400000)
  from space 2560K, 99% used [0x00000000ec400000,0x00000000ec67c120,0x00000000ec680000)
  to   space 2560K, 0% used [0x00000000ec680000,0x00000000ec680000,0x00000000ec900000)
 ParOldGen       total 44032K, used 1032K [0x00000000c1c00000, 0x00000000c4700000, 0x00000000eb400000)
  object space 44032K, 2% used [0x00000000c1c00000,0x00000000c1d02008,0x00000000c4700000)
 Metaspace       used 8656K, capacity 8752K, committed 8960K, reserved 1056768K
  class space    used 950K, capacity 978K, committed 1024K, reserved 1048576K
}
Event: 1.745 GC heap before
{Heap before GC invocations=2 (full 0):
 PSYoungGen      total 18944K, used 18928K [0x00000000eb400000, 0x00000000ec900000, 0x0000000100000000)
  eden space 16384K, 100% used [0x00000000eb400000,0x00000000ec400000,0x00000000ec400000)
  from space 2560K, 99% used [0x00000000ec400000,0x00000000ec67c120,0x00000000ec680000)
  to   space 2560K, 0% used [0x00000000ec680000,0x00000000ec680000,0x00000000ec900000)
 ParOldGen       total 44032K, used 1032K [0x00000000c1c00000, 0x00000000c4700000, 0x00000000eb400000)
  object space 44032K, 2% used [0x00000000c1c00000,0x00000000c1d02008,0x00000000c4700000)
 Metaspace       used 12820K, capacity 13026K, committed 13184K, reserved 1060864K
  class space    used 1441K, capacity 1543K, committed 1664K, reserved 1048576K
Event: 1.756 GC heap after
Heap after GC invocations=2 (full 0):
 PSYoungGen      total 18944K, used 2536K [0x00000000eb400000, 0x00000000ed900000, 0x0000000100000000)
  eden space 16384K, 0% used [0x00000000eb400000,0x00000000eb400000,0x00000000ec400000)
  from space 2560K, 99% used [0x00000000ec680000,0x00000000ec8fa020,0x00000000ec900000)
  to   space 2560K, 0% used [0x00000000ec400000,0x00000000ec400000,0x00000000ec680000)
 ParOldGen       total 44032K, used 2940K [0x00000000c1c00000, 0x00000000c4700000, 0x00000000eb400000)
  object space 44032K, 6% used [0x00000000c1c00000,0x00000000c1edf1e0,0x00000000c4700000)
 Metaspace       used 12820K, capacity 13026K, committed 13184K, reserved 1060864K
  class space    used 1441K, capacity 1543K, committed 1664K, reserved 1048576K
}
Event: 2.629 GC heap before
{Heap before GC invocations=3 (full 0):
 PSYoungGen      total 18944K, used 18920K [0x00000000eb400000, 0x00000000ed900000, 0x0000000100000000)
  eden space 16384K, 100% used [0x00000000eb400000,0x00000000ec400000,0x00000000ec400000)
  from space 2560K, 99% used [0x00000000ec680000,0x00000000ec8fa020,0x00000000ec900000)
  to   space 2560K, 0% used [0x00000000ec400000,0x00000000ec400000,0x00000000ec680000)
 ParOldGen       total 44032K, used 2940K [0x00000000c1c00000, 0x00000000c4700000, 0x00000000eb400000)
  object space 44032K, 6% used [0x00000000c1c00000,0x00000000c1edf1e0,0x00000000c4700000)
 Metaspace       used 15306K, capacity 15600K, committed 15872K, reserved 1062912K
  class space    used 1817K, capacity 1930K, committed 2048K, reserved 1048576K
Event: 2.635 GC heap after
Heap after GC invocations=3 (full 0):
 PSYoungGen      total 18944K, used 2536K [0x00000000eb400000, 0x00000000ed900000, 0x0000000100000000)
  eden space 16384K, 0% used [0x00000000eb400000,0x00000000eb400000,0x00000000ec400000)
  from space 2560K, 99% used [0x00000000ec400000,0x00000000ec67a040,0x00000000ec680000)
  to   space 2560K, 0% used [0x00000000ed680000,0x00000000ed680000,0x00000000ed900000)
 ParOldGen       total 44032K, used 6155K [0x00000000c1c00000, 0x00000000c4700000, 0x00000000eb400000)
  object space 44032K, 13% used [0x00000000c1c00000,0x00000000c2202d58,0x00000000c4700000)
 Metaspace       used 15306K, capacity 15600K, committed 15872K, reserved 1062912K
  class space    used 1817K, capacity 1930K, committed 2048K, reserved 1048576K
}
Event: 97.273 GC heap before
{Heap before GC invocations=4 (full 0):
 PSYoungGen      total 18944K, used 18920K [0x00000000eb400000, 0x00000000ed900000, 0x0000000100000000)
  eden space 16384K, 100% used [0x00000000eb400000,0x00000000ec400000,0x00000000ec400000)
  from space 2560K, 99% used [0x00000000ec400000,0x00000000ec67a040,0x00000000ec680000)
  to   space 2560K, 0% used [0x00000000ed680000,0x00000000ed680000,0x00000000ed900000)
 ParOldGen       total 44032K, used 6155K [0x00000000c1c00000, 0x00000000c4700000, 0x00000000eb400000)
  object space 44032K, 13% used [0x00000000c1c00000,0x00000000c2202d58,0x00000000c4700000)
 Metaspace       used 16766K, capacity 17014K, committed 17280K, reserved 1064960K
  class space    used 1948K, capacity 2059K, committed 2176K, reserved 1048576K
Event: 97.280 GC heap after
Heap after GC invocations=4 (full 0):
 PSYoungGen      total 18944K, used 2552K [0x00000000eb400000, 0x00000000ed900000, 0x0000000100000000)
  eden space 16384K, 0% used [0x00000000eb400000,0x00000000eb400000,0x00000000ec400000)
  from space 2560K, 99% used [0x00000000ed680000,0x00000000ed8fe070,0x00000000ed900000)
  to   space 2560K, 0% used [0x00000000ec400000,0x00000000ec400000,0x00000000ec680000)
 ParOldGen       total 44032K, used 7118K [0x00000000c1c00000, 0x00000000c4700000, 0x00000000eb400000)
  object space 44032K, 16% used [0x00000000c1c00000,0x00000000c22f39e0,0x00000000c4700000)
 Metaspace       used 16766K, capacity 17014K, committed 17280K, reserved 1064960K
  class space    used 1948K, capacity 2059K, committed 2176K, reserved 1048576K
}
Event: 220.758 GC heap before
{Heap before GC invocations=5 (full 0):
 PSYoungGen      total 18944K, used 18936K [0x00000000eb400000, 0x00000000ed900000, 0x0000000100000000)
  eden space 16384K, 100% used [0x00000000eb400000,0x00000000ec400000,0x00000000ec400000)
  from space 2560K, 99% used [0x00000000ed680000,0x00000000ed8fe070,0x00000000ed900000)
  to   space 2560K, 0% used [0x00000000ec400000,0x00000000ec400000,0x00000000ec680000)
 ParOldGen       total 44032K, used 7118K [0x00000000c1c00000, 0x00000000c4700000, 0x00000000eb400000)
  object space 44032K, 16% used [0x00000000c1c00000,0x00000000c22f39e0,0x00000000c4700000)
 Metaspace       used 17571K, capacity 17814K, committed 18048K, reserved 1064960K
  class space    used 2024K, capacity 2155K, committed 2176K, reserved 1048576K
Event: 220.768 GC heap after
Heap after GC invocations=5 (full 0):
 PSYoungGen      total 18944K, used 2556K [0x00000000eb400000, 0x00000000ed700000, 0x0000000100000000)
  eden space 16384K, 0% used [0x00000000eb400000,0x00000000eb400000,0x00000000ec400000)
  from space 2560K, 99% used [0x00000000ec400000,0x00000000ec67f3a8,0x00000000ec680000)
  to   space 6144K, 0% used [0x00000000ed100000,0x00000000ed100000,0x00000000ed700000)
 ParOldGen       total 44032K, used 7787K [0x00000000c1c00000, 0x00000000c4700000, 0x00000000eb400000)
  object space 44032K, 17% used [0x00000000c1c00000,0x00000000c239ac20,0x00000000c4700000)
 Metaspace       used 17571K, capacity 17814K, committed 18048K, reserved 1064960K
  class space    used 2024K, capacity 2155K, committed 2176K, reserved 1048576K
}

Deoptimization events (10 events):
Event: 220.690 Thread 0x000000000214a800 Uncommon trap: reason=unstable_if action=reinterpret pc=0x0000000002642ecc method=java.lang.Character.isHighSurrogate(C)Z @ 3
Event: 220.690 Thread 0x000000000214a800 Uncommon trap: reason=unstable_if action=reinterpret pc=0x0000000002647050 method=java.lang.Character.isHighSurrogate(C)Z @ 3
Event: 220.692 Thread 0x000000000214a800 Uncommon trap: reason=class_check action=maybe_recompile pc=0x00000000026f4f94 method=java.util.regex.Pattern$Curly.match(Ljava/util/regex/Matcher;ILjava/lang/CharSequence;)Z @ 19
Event: 220.692 Thread 0x000000000214a800 Uncommon trap: reason=class_check action=maybe_recompile pc=0x00000000026f4f94 method=java.util.regex.Pattern$Curly.match(Ljava/util/regex/Matcher;ILjava/lang/CharSequence;)Z @ 19
Event: 220.692 Thread 0x000000000214a800 Uncommon trap: reason=class_check action=maybe_recompile pc=0x00000000026f4f94 method=java.util.regex.Pattern$Curly.match(Ljava/util/regex/Matcher;ILjava/lang/CharSequence;)Z @ 19
Event: 220.692 Thread 0x000000000214a800 Uncommon trap: reason=class_check action=maybe_recompile pc=0x00000000026f4f94 method=java.util.regex.Pattern$Curly.match(Ljava/util/regex/Matcher;ILjava/lang/CharSequence;)Z @ 19
Event: 220.710 Thread 0x000000000214a800 Uncommon trap: reason=class_check action=maybe_recompile pc=0x00000000027d2f70 method=java.util.regex.Matcher.search(I)Z @ 86
Event: 220.710 Thread 0x000000000214a800 Uncommon trap: reason=unstable_if action=reinterpret pc=0x0000000002b08e8c method=java.util.regex.Pattern$BitClass.isSatisfiedBy(I)Z @ 13
Event: 220.735 Thread 0x000000000214a800 Uncommon trap: reason=class_check action=maybe_recompile pc=0x00000000027d2f70 method=java.util.regex.Matcher.search(I)Z @ 86
Event: 220.736 Thread 0x000000000214a800 Uncommon trap: reason=class_check action=maybe_recompile pc=0x00000000027d2f70 method=java.util.regex.Matcher.search(I)Z @ 86

Internal exceptions (10 events):
Event: 218.493 Thread 0x0000000057e98000 Exception <a 'java/net/SocketTimeoutException': Read timed out> (0x00000000ec0931b8) thrown at [C:\re\workspace\8-2-build-windows-amd64-cygwin\jdk8u144\9417\hotspot\src\share\vm\prims\jni.cpp, line 735]
Event: 218.511 Thread 0x0000000057e98000 Exception <a 'java/net/SocketTimeoutException': Read timed out> (0x00000000ec09ec90) thrown at [C:\re\workspace\8-2-build-windows-amd64-cygwin\jdk8u144\9417\hotspot\src\share\vm\prims\jni.cpp, line 735]
Event: 218.528 Thread 0x0000000057e98000 Exception <a 'java/net/SocketTimeoutException': Read timed out> (0x00000000ec0ac890) thrown at [C:\re\workspace\8-2-build-windows-amd64-cygwin\jdk8u144\9417\hotspot\src\share\vm\prims\jni.cpp, line 735]
Event: 218.544 Thread 0x0000000057e98000 Exception <a 'java/net/SocketTimeoutException': Read timed out> (0x00000000ec0b9398) thrown at [C:\re\workspace\8-2-build-windows-amd64-cygwin\jdk8u144\9417\hotspot\src\share\vm\prims\jni.cpp, line 735]
Event: 218.560 Thread 0x0000000057e98000 Exception <a 'java/net/SocketTimeoutException': Read timed out> (0x00000000ec0c5038) thrown at [C:\re\workspace\8-2-build-windows-amd64-cygwin\jdk8u144\9417\hotspot\src\share\vm\prims\jni.cpp, line 735]
Event: 219.571 Thread 0x0000000057e98000 Exception <a 'java/net/SocketTimeoutException': Read timed out> (0x00000000ec0d1d80) thrown at [C:\re\workspace\8-2-build-windows-amd64-cygwin\jdk8u144\9417\hotspot\src\share\vm\prims\jni.cpp, line 735]
Event: 219.595 Thread 0x0000000057e98000 Exception <a 'java/net/SocketTimeoutException': Read timed out> (0x00000000ec0dca48) thrown at [C:\re\workspace\8-2-build-windows-amd64-cygwin\jdk8u144\9417\hotspot\src\share\vm\prims\jni.cpp, line 735]
Event: 220.609 Thread 0x0000000057e98000 Exception <a 'java/net/SocketTimeoutException': Read timed out> (0x00000000ec0e8408) thrown at [C:\re\workspace\8-2-build-windows-amd64-cygwin\jdk8u144\9417\hotspot\src\share\vm\prims\jni.cpp, line 735]
Event: 220.637 Thread 0x0000000057e98000 Exception <a 'java/net/SocketTimeoutException': Read timed out> (0x00000000ec0f5b80) thrown at [C:\re\workspace\8-2-build-windows-amd64-cygwin\jdk8u144\9417\hotspot\src\share\vm\prims\jni.cpp, line 735]
Event: 220.659 Thread 0x0000000057e98000 Exception <a 'java/lang/reflect/InvocationTargetException'> (0x00000000ec117e20) thrown at [C:\re\workspace\8-2-build-windows-amd64-cygwin\jdk8u144\9417\hotspot\src\share\vm\runtime\reflection.cpp, line 1092]

Events (10 events):
Event: 220.748 loading class org/testng/reporters/Files
Event: 220.748 loading class org/testng/reporters/Files done
Event: 220.748 Thread 0x000000000214a800 DEOPT PACKING pc=0x0000000002556ef1 sp=0x00000000023bd8e0
Event: 220.748 Thread 0x000000000214a800 DEOPT UNPACKING pc=0x000000000240787f sp=0x00000000023bd630 mode 1
Event: 220.748 Thread 0x000000000214a800 DEOPT PACKING pc=0x0000000002525a7c sp=0x00000000023bd960
Event: 220.748 Thread 0x000000000214a800 DEOPT UNPACKING pc=0x000000000240787f sp=0x00000000023bd780 mode 1
Event: 220.748 Thread 0x000000000214a800 DEOPT PACKING pc=0x0000000002525814 sp=0x00000000023bdaf0
Event: 220.748 Thread 0x000000000214a800 DEOPT UNPACKING pc=0x000000000240787f sp=0x00000000023bd910 mode 1
Event: 220.758 Executing VM operation: ParallelGCFailedAllocation
Event: 220.768 Executing VM operation: ParallelGCFailedAllocation done


Dynamic libraries:
0x000000013f960000 - 0x000000013f997000 	C:\Program Files\Java\jdk1.8.0_144\bin\javaw.exe
0x0000000077270000 - 0x000000007740f000 	C:\Windows\SYSTEM32\ntdll.dll
0x0000000077150000 - 0x000000007726f000 	C:\Windows\system32\kernel32.dll
0x000007fefcec0000 - 0x000007fefcf2a000 	C:\Windows\system32\KERNELBASE.dll
0x000007fefde40000 - 0x000007fefdf1b000 	C:\Windows\system32\ADVAPI32.dll
0x000007fefdad0000 - 0x000007fefdb6f000 	C:\Windows\system32\msvcrt.dll
0x000007fefd540000 - 0x000007fefd55f000 	C:\Windows\SYSTEM32\sechost.dll
0x000007fefd9a0000 - 0x000007fefdacd000 	C:\Windows\system32\RPCRT4.dll
0x0000000077050000 - 0x000000007714a000 	C:\Windows\system32\USER32.dll
0x000007fefdb70000 - 0x000007fefdbd7000 	C:\Windows\system32\GDI32.dll
0x000007fefed80000 - 0x000007fefed8e000 	C:\Windows\system32\LPK.dll
0x000007fefecb0000 - 0x000007fefed7b000 	C:\Windows\system32\USP10.dll
0x000007fefb740000 - 0x000007fefb934000 	C:\Windows\WinSxS\amd64_microsoft.windows.common-controls_6595b64144ccf1df_6.0.7601.18837_none_fa3b1e3d17594757\COMCTL32.dll
0x000007fefdd60000 - 0x000007fefddd1000 	C:\Windows\system32\SHLWAPI.dll
0x000007feff3a0000 - 0x000007feff3ce000 	C:\Windows\system32\IMM32.DLL
0x000007fefd890000 - 0x000007fefd999000 	C:\Windows\system32\MSCTF.dll
0x000000006eb20000 - 0x000000006ebf2000 	C:\Program Files\Java\jdk1.8.0_144\jre\bin\msvcr100.dll
0x000000006f9d0000 - 0x000000007026d000 	C:\Program Files\Java\jdk1.8.0_144\jre\bin\server\jvm.dll
0x000007fef9540000 - 0x000007fef9549000 	C:\Windows\system32\WSOCK32.dll
0x000007fefef70000 - 0x000007fefefbd000 	C:\Windows\system32\WS2_32.dll
0x000007fefd170000 - 0x000007fefd178000 	C:\Windows\system32\NSI.dll
0x000007fefcdf0000 - 0x000007fefce2b000 	C:\Windows\system32\WINMM.dll
0x000007fefbe00000 - 0x000007fefbe0c000 	C:\Windows\system32\VERSION.dll
0x0000000077410000 - 0x0000000077417000 	C:\Windows\system32\PSAPI.DLL
0x000000006f9c0000 - 0x000000006f9cf000 	C:\Program Files\Java\jdk1.8.0_144\jre\bin\verify.dll
0x000000006f990000 - 0x000000006f9b9000 	C:\Program Files\Java\jdk1.8.0_144\jre\bin\java.dll
0x0000000180000000 - 0x0000000180031000 	C:\Windows\system32\jvmhook.dll
0x000007fefd340000 - 0x000007fefd53f000 	C:\Windows\system32\ole32.dll
0x000007fefdbe0000 - 0x000007fefdcba000 	C:\Windows\system32\OLEAUT32.dll
0x000007fef5370000 - 0x000007fef53a1000 	C:\Windows\system32\atl110.DLL
0x000007fef5110000 - 0x000007fef51b7000 	C:\Windows\system32\MSVCP110.dll
0x000007fef4f90000 - 0x000007fef5064000 	C:\Windows\system32\MSVCR110.dll
0x000000006eae0000 - 0x000000006eb15000 	C:\Program Files\Java\jdk1.8.0_144\jre\bin\jdwp.dll
0x000000006ec40000 - 0x000000006ec48000 	C:\Program Files\Java\jdk1.8.0_144\jre\bin\npt.dll
0x000000006f620000 - 0x000000006f636000 	C:\Program Files\Java\jdk1.8.0_144\jre\bin\zip.dll
0x000007fefdf20000 - 0x000007fefecaa000 	C:\Windows\system32\SHELL32.dll
0x000007fefcd10000 - 0x000007fefcd1f000 	C:\Windows\system32\profapi.dll
0x000000006f980000 - 0x000000006f989000 	C:\Program Files\Java\jdk1.8.0_144\jre\bin\dt_socket.dll
0x000007fefafd0000 - 0x000007fefafe5000 	C:\Windows\system32\NLAapi.dll
0x000007fef8700000 - 0x000007fef8715000 	C:\Windows\system32\napinsp.dll
0x000007fef8bf0000 - 0x000007fef8c09000 	C:\Windows\system32\pnrpnsp.dll
0x000007fefc460000 - 0x000007fefc4b5000 	C:\Windows\System32\mswsock.dll
0x000007fefc2e0000 - 0x000007fefc33b000 	C:\Windows\system32\DNSAPI.dll
0x000007fef8680000 - 0x000007fef868b000 	C:\Windows\System32\winrnr.dll
0x000007fefab50000 - 0x000007fefab77000 	C:\Windows\system32\IPHLPAPI.DLL
0x000007fefa9d0000 - 0x000007fefa9db000 	C:\Windows\system32\WINNSI.DLL
0x000007fef95e0000 - 0x000007fef95f1000 	C:\Windows\system32\dhcpcsvc6.DLL
0x000007fefa460000 - 0x000007fefa478000 	C:\Windows\system32\dhcpcsvc.DLL
0x000007fef9ac0000 - 0x000007fef9b13000 	C:\Windows\System32\fwpuclnt.dll
0x000007fef9330000 - 0x000007fef9338000 	C:\Windows\system32\rasadhlp.dll
0x000007fefbed0000 - 0x000007fefbed7000 	C:\Windows\System32\wshtcpip.dll
0x000000006f600000 - 0x000000006f61a000 	C:\Program Files\Java\jdk1.8.0_144\jre\bin\net.dll
0x000007fefc450000 - 0x000007fefc457000 	C:\Windows\System32\wship6.dll
0x000007fefc4c0000 - 0x000007fefc4d7000 	C:\Windows\system32\CRYPTSP.dll
0x000007fefc1c0000 - 0x000007fefc207000 	C:\Windows\system32\rsaenh.dll
0x000007fefcea0000 - 0x000007fefcebe000 	C:\Windows\system32\USERENV.dll
0x000007fefcb70000 - 0x000007fefcb7f000 	C:\Windows\system32\CRYPTBASE.dll
0x000000006f5e0000 - 0x000000006f5f1000 	C:\Program Files\Java\jdk1.8.0_144\jre\bin\nio.dll
0x000007fef6160000 - 0x000007fef6198000 	F:\yulei_Java_demo\iplatform_Auto\lib\AutoIt\jacob-1.19-x64.dll
0x000007fefd2a0000 - 0x000007fefd339000 	C:\Windows\system32\CLBCatQ.DLL
0x000007fefcc20000 - 0x000007fefcc34000 	C:\Windows\system32\RpcRtRemote.dll
0x0000000055d20000 - 0x0000000055de9000 	C:\Program Files (x86)\kingsoft\kingsoft antivirus\kwsui64.dll
0x000000006f4b0000 - 0x000000006f4d4000 	C:\Program Files\Java\jdk1.8.0_144\jre\bin\sunec.dll
0x000007fefcb10000 - 0x000007fefcb67000 	C:\Windows\system32\apphelp.dll
0x000007fefcb80000 - 0x000007fefcc11000 	C:\Windows\system32\SXS.DLL
0x000007fef8c80000 - 0x000007fef8da5000 	C:\Windows\system32\dbghelp.dll

VM Arguments:
jvm_args: -agentlib:jvmhook -agentlib:jdwp=transport=dt_socket,suspend=y,address=localhost:56002 -ea -Dfile.encoding=GBK -Xrunjvmhook -Xbootclasspath/a:C:\Program Files (x86)\HP\Unified Functional Testing\bin\java_shared\classes;C:\Program Files (x86)\HP\Unified Functional Testing\\bin\java_shared\classes\jasmine.jar 
java_command: org.testng.remote.RemoteTestNG -serport 56001 -protocol json -d F:\yulei_Java_demo\iplatform_Auto\test-output C:\Users\yulei\AppData\Local\Temp\testng-eclipse--996822511\testng-customsuite.xml
java_class_path (initial): D:\Program Files\eclipse\configuration\org.eclipse.osgi\499\0\.cp\lib\testng-remote.jar;F:\yulei_Java_demo\iplatform_Auto\bin;F:\yulei_Java_demo\com.iplatform\lib\dom4j-1.6.1.jar;F:\yulei_Java_demo\com.iplatform\lib\dom4j-1.6.1-hudson-3.jar;F:\yulei_Java_demo\com.iplatform\lib\dom4j-1.6.1-hudson-3-sources.jar;F:\yulei_Java_demo\com.iplatform\lib\jxl-2.6.12.jar;F:\yulei_Java_demo\com.iplatform\lib\jxl-2.6.12-sources.jar;F:\yulei_Java_demo\iplatform_Auto\lib\AutoIt\AutoItX4Java.jar;F:\yulei_Java_demo\iplatform_Auto\lib\AutoIt\jacob.jar;F:\yulei_Java_demo\iplatform_Auto\lib\commons-net-3.6.jar;F:\yulei_Java_demo\iplatform_Auto\lib\ashot-1.5.4.jar;F:\yulei_Java_demo\iplatform_Auto\lib\gson-2.6.2.jar;F:\yulei_Java_demo\iplatform_Auto\lib\hamcrest-core-1.3.jar;F:\yulei_Java_demo\iplatform_Auto\lib\selenium-java-2.53.0.jar;F:\yulei_Java_demo\iplatform_Auto\lib\selenium-java-2.53.0-srcs.jar;F:\yulei_Java_demo\iplatform_Auto\lib\selenium-server-standalone-2.53.0.jar
Launcher Type: SUN_STANDARD

Environment Variables:
JAVA_HOME=C:\Program Files\Java\jdk1.8.0_144
JAVA_TOOL_OPTIONS=-agentlib:jvmhook
_JAVA_OPTIONS=-Xrunjvmhook -Xbootclasspath/a:"C:\Program Files (x86)\HP\Unified Functional Testing\bin\java_shared\classes";"C:\Program Files (x86)\HP\Unified Functional Testing\\bin\java_shared\classes\jasmine.jar"
CLASSPATH=.;C:\Program Files\Java\jdk1.8.0_144\lib\dt.jar;C:\Program Files\Java\jdk1.8.0_144\lib\tools.jar;
PATH=C:/Program Files/Java/jdk1.8.0_144/bin/../jre/bin/server;C:/Program Files/Java/jdk1.8.0_144/bin/../jre/bin;C:/Program Files/Java/jdk1.8.0_144/bin/../jre/lib/amd64;D:\app\yulei\product\11.2.0\client_4;D:\app\yulei\product\11.2.0\client_3;D:\app\yulei\product\11.2.0\client_1;D:\app\yulei\product\11.2.0\client_2;C:\Program Files\Java\jdk1.8.0_144\bin;C:\Program Files\Java\jdk1.8.0_144\jre\bin;C:\Program Files (x86)\Common Files\NetSarang;C:\Windows\system32;C:\Windows;C:\Windows\System32\Wbem;C:\Windows\System32\WindowsPowerShell\v1.0\;C:\Program Files (x86)\Microsoft SQL Server\90\Tools\binn\;C:\Program Files (x86)\HP\Unified Functional Testing\bin;C:\WebDriver;C:\Program Files (x86)\Python37-32;C:\Program Files\Git\cmd;C:\Program Files (x86)\Skype\Phone\;D:\Program Files\eclipse;;C:\Program Files (x86)\HP\Unified Functional Testing\\bin64
USERNAME=yulei
OS=Windows_NT
PROCESSOR_IDENTIFIER=Intel64 Family 6 Model 42 Stepping 7, GenuineIntel



---------------  S Y S T E M  ---------------

OS: Windows 7 , 64 bit Build 7601 (6.1.7601.24335)

CPU:total 4 (initial active 4) (2 cores per cpu, 2 threads per core) family 6 model 42 stepping 7, cmov, cx8, fxsr, mmx, sse, sse2, sse3, ssse3, sse4.1, sse4.2, popcnt, avx, clmul, ht, tsc, tscinvbit

Memory: 4k page, physical 4072508k(1002212k free), swap 12370184k(7861240k free)

vm_info: Java HotSpot(TM) 64-Bit Server VM (25.144-b01) for windows-amd64 JRE (1.8.0_144-b01), built on Jul 21 2017 21:57:33 by "java_re" with MS VC++ 10.0 (VS2010)

time: Tue Mar 23 03:14:43 2021
elapsed time: 220 seconds (0d 0h 3m 40s)

