#
# A fatal error has been detected by the Java Runtime Environment:
#
#  EXCEPTION_ACCESS_VIOLATION (0xc0000005) at pc=0x000007feffd50cc2, pid=12004, tid=0x0000000000003274
#
# JRE version: Java(TM) SE Runtime Environment (8.0_144-b01) (build 1.8.0_144-b01)
# Java VM: Java HotSpot(TM) 64-Bit Server VM (25.144-b01 mixed mode windows-amd64 compressed oops)
# Problematic frame:
# C  [ole32.dll+0x40cc2]
#
# Failed to write core dump. Minidumps are not enabled by default on client versions of Windows
#
# If you would like to submit a bug report, please visit:
#   http://bugreport.java.com/bugreport/crash.jsp
# The crash happened outside the Java Virtual Machine in native code.
# See problematic frame for where to report the bug.
#

---------------  T H R E A D  ---------------

Current thread (0x0000000054d02000):  JavaThread "Finalizer" daemon [_thread_in_native, id=12916, stack(0x0000000056090000,0x0000000056190000)]

siginfo: ExceptionCode=0xc0000005, reading address 0x000000000046e5d0

Registers:
RAX=0x000007feffeb4fd0, RBX=0x000000000046e5b0, RCX=0x0000000000499fe8, RDX=0x0000000000100009
RSP=0x000000005618f330, RBP=0x000000005618f4c0, RSI=0x0000000000000000, RDI=0x0000000000499fe8
R8 =0x0000000000000d44, R9 =0x000007feffe95428, R10=0x000000000049a108, R11=0x0000000000000001
R12=0x0000000000000001, R13=0x0000000054adfff0, R14=0x0000000000000000, R15=0x000007feffeb5018
RIP=0x000007feffd50cc2, EFLAGS=0x0000000000010202

Top of Stack: (sp=0x000000005618f330)
0x000000005618f330:   0000000054adfff0 0000000000000000
0x000000005618f340:   000000005618f4e0 0000000000000042
0x000000005618f350:   000000005618f4e0 0000000054adfff0
0x000000005618f360:   0000000000000001 0000000000499fe0
0x000000005618f370:   0000000000000000 000007feffd341f8
0x000000005618f380:   0000000054d02000 0000000000499fe8
0x000000005618f390:   000000005618f4c0 0000000000000001
0x000000005618f3a0:   0000000058398d90 000007feffd50498
0x000000005618f3b0:   0000000000000000 0000000058398d90
0x000000005618f3c0:   000000005618f4c0 0000000000000000
0x000000005618f3d0:   0000000000000000 000000005618f4e0
0x000000005618f3e0:   0000000000000042 000007feffd3419b
0x000000005618f3f0:   0000000058398d90 0000000000499fe0
0x000000005618f400:   000000005618f4c0 000000005618f4e0
0x000000005618f410:   000000005618f4e0 000007fef3222510
0x000000005618f420:   0000000080000000 0000000058398d90 

Instructions: (pc=0x000007feffd50cc2)
0x000007feffd50ca2:   ff 48 8b 59 10 45 33 f6 48 8b f9 48 85 db 0f 84
0x000007feffd50cb2:   bb fe 01 00 4c 89 7c 24 50 4c 8d 3d 56 43 16 00
0x000007feffd50cc2:   48 8b 4b 20 81 4b 08 82 00 00 00 48 85 c9 0f 85
0x000007feffd50cd2:   64 94 fe ff 48 8b f3 48 8b 1b 48 85 db 75 e1 4c 


Register to memory mapping:

RAX=0x000007feffeb4fd0 is an unknown value
RBX=0x000000000046e5b0 is an unknown value
RCX=0x0000000000499fe8 is an unknown value
RDX=0x0000000000100009 is an unknown value
RSP=0x000000005618f330 is pointing into the stack for thread: 0x0000000054d02000
RBP=0x000000005618f4c0 is pointing into the stack for thread: 0x0000000054d02000
RSI=0x0000000000000000 is an unknown value
RDI=0x0000000000499fe8 is an unknown value
R8 =0x0000000000000d44 is an unknown value
R9 =0x000007feffe95428 is an unknown value
R10=0x000000000049a108 is an unknown value
R11=0x0000000000000001 is an unknown value
R12=0x0000000000000001 is an unknown value
R13={method} {0x0000000054adfff8} 'release' '()V' in 'com/jacob/com/Dispatch'
R14=0x0000000000000000 is an unknown value
R15=0x000007feffeb5018 is an unknown value


Stack: [0x0000000056090000,0x0000000056190000],  sp=0x000000005618f330,  free space=1020k
Native frames: (J=compiled Java code, j=interpreted, Vv=VM code, C=native code)
C  [ole32.dll+0x40cc2]
C  [ole32.dll+0x241f8]
C  [ole32.dll+0x40498]
C  [ole32.dll+0x2419b]
C  [jacob-1.19-x64.dll+0x2510]
C  0x0000000002537f54

Java frames: (J=compiled Java code, j=interpreted, Vv=VM code)
j  com.jacob.com.Dispatch.release()V+0
j  com.jacob.com.Dispatch.safeRelease()V+12
j  com.jacob.com.Dispatch.finalize()V+1
j  com.jacob.activeX.ActiveXComponent.finalize()V+1
J 687 C1 java.lang.ref.Finalizer.runFinalizer(Lsun/misc/JavaLangAccess;)V (62 bytes) @ 0x00000000027c5dec [0x00000000027c5880+0x56c]
J 686 C1 java.lang.ref.Finalizer.access$100(Ljava/lang/ref/Finalizer;Lsun/misc/JavaLangAccess;)V (6 bytes) @ 0x00000000027c551c [0x00000000027c54c0+0x5c]
j  java.lang.ref.Finalizer$FinalizerThread.run()V+45
v  ~StubRoutines::call_stub

---------------  P R O C E S S  ---------------

Java Threads: ( => current thread )
  0x000000005896f000 JavaThread "Exec Stream Pumper" daemon [_thread_in_native, id=10484, stack(0x0000000059fd0000,0x000000005a0d0000)]
  0x000000005896e800 JavaThread "Exec Stream Pumper" daemon [_thread_in_native, id=12972, stack(0x0000000059e00000,0x0000000059f00000)]
  0x00000000588b0000 JavaThread "Exec Default Executor" daemon [_thread_in_native, id=11380, stack(0x0000000059ad0000,0x0000000059bd0000)]
  0x0000000056244800 JavaThread "Service Thread" daemon [_thread_blocked, id=11300, stack(0x0000000055f40000,0x0000000056040000)]
  0x00000000561ee000 JavaThread "C1 CompilerThread2" daemon [_thread_blocked, id=6468, stack(0x0000000056780000,0x0000000056880000)]
  0x00000000561b7800 JavaThread "C2 CompilerThread1" daemon [_thread_blocked, id=9816, stack(0x00000000569b0000,0x0000000056ab0000)]
  0x0000000054d1e000 JavaThread "C2 CompilerThread0" daemon [_thread_blocked, id=6644, stack(0x0000000056af0000,0x0000000056bf0000)]
  0x00000000561a3000 JavaThread "Attach Listener" daemon [_thread_blocked, id=2296, stack(0x00000000568b0000,0x00000000569b0000)]
  0x00000000561a2800 JavaThread "Signal Dispatcher" daemon [_thread_blocked, id=12376, stack(0x0000000056680000,0x0000000056780000)]
=>0x0000000054d02000 JavaThread "Finalizer" daemon [_thread_in_native, id=12916, stack(0x0000000056090000,0x0000000056190000)]
  0x0000000054cb9000 JavaThread "Reference Handler" daemon [_thread_blocked, id=7304, stack(0x0000000055e40000,0x0000000055f40000)]
  0x00000000022cf000 JavaThread "main" [_thread_blocked, id=9508, stack(0x0000000002330000,0x0000000002430000)]

Other Threads:
  0x0000000054cb3800 VMThread [stack: 0x0000000055c90000,0x0000000055d90000] [id=11692]

VM state:at safepoint (normal execution)

VM Mutex/Monitor currently owned by a thread:  ([mutex/lock_event])
[0x0000000002158980] Threads_lock - owner thread: 0x0000000054cb3800

Heap:
 PSYoungGen      total 23040K, used 8074K [0x00000000eb400000, 0x00000000ed100000, 0x0000000100000000)
  eden space 16384K, 32% used [0x00000000eb400000,0x00000000eb9323a0,0x00000000ec400000)
  from space 6656K, 41% used [0x00000000eca80000,0x00000000ecd30780,0x00000000ed100000)
  to   space 6656K, 0% used [0x00000000ec400000,0x00000000ec400000,0x00000000eca80000)
 ParOldGen       total 44032K, used 7267K [0x00000000c1c00000, 0x00000000c4700000, 0x00000000eb400000)
  object space 44032K, 16% used [0x00000000c1c00000,0x00000000c2318d98,0x00000000c4700000)
 Metaspace       used 17913K, capacity 18118K, committed 18304K, reserved 1064960K
  class space    used 2058K, capacity 2155K, committed 2176K, reserved 1048576K

Card table byte_map: [0x00000000118e0000,0x0000000011ae0000] byte_map_base: 0x00000000112d2000

Marking Bits: (ParMarkBitMap*) 0x000000006fb7d850
 Begin Bits: [0x0000000012200000, 0x0000000013190000)
 End Bits:   [0x0000000013190000, 0x0000000014120000)

Polling page: 0x0000000000100000

CodeCache: size=245760Kb used=8075Kb max_used=8075Kb free=237684Kb
 bounds [0x0000000002520000, 0x0000000002d10000, 0x0000000011520000]
 total_blobs=2804 nmethods=2384 adapters=332
 compilation: enabled

Compilation events (10 events):
Event: 641.840 Thread 0x00000000561ee000 2558       1       org.testng.internal.BaseTestMethod::getMethodName (5 bytes)
Event: 641.840 Thread 0x00000000561ee000 nmethod 2558 0x0000000002cfbd50 code [0x0000000002cfbea0, 0x0000000002cfbfb0]
Event: 641.846 Thread 0x00000000561ee000 2559   !   3       sun.net.www.ParseUtil::decode (316 bytes)
Event: 641.850 Thread 0x00000000561ee000 nmethod 2559 0x0000000002d026d0 code [0x0000000002d02c00, 0x0000000002d06488]
Event: 641.850 Thread 0x00000000561ee000 2560       3       java.io.File::<init> (47 bytes)
Event: 641.851 Thread 0x00000000561ee000 nmethod 2560 0x0000000002cfb6d0 code [0x0000000002cfb860, 0x0000000002cfbbe8]
Event: 641.873 Thread 0x00000000561ee000 2561       3       java.nio.Buffer::hasRemaining (17 bytes)
Event: 641.873 Thread 0x00000000561ee000 nmethod 2561 0x0000000002d08790 code [0x0000000002d088e0, 0x0000000002d08a90]
Event: 641.873 Thread 0x00000000561ee000 2562       3       java.nio.Buffer::remaining (10 bytes)
Event: 641.873 Thread 0x00000000561ee000 nmethod 2562 0x0000000002d08b10 code [0x0000000002d08c60, 0x0000000002d08db0]

GC Heap History (10 events):
Event: 1.150 GC heap before
{Heap before GC invocations=2 (full 0):
 PSYoungGen      total 18944K, used 18938K [0x00000000eb400000, 0x00000000ec900000, 0x0000000100000000)
  eden space 16384K, 100% used [0x00000000eb400000,0x00000000ec400000,0x00000000ec400000)
  from space 2560K, 99% used [0x00000000ec400000,0x00000000ec67e840,0x00000000ec680000)
  to   space 2560K, 0% used [0x00000000ec680000,0x00000000ec680000,0x00000000ec900000)
 ParOldGen       total 44032K, used 1095K [0x00000000c1c00000, 0x00000000c4700000, 0x00000000eb400000)
  object space 44032K, 2% used [0x00000000c1c00000,0x00000000c1d11e60,0x00000000c4700000)
 Metaspace       used 12666K, capacity 12946K, committed 13184K, reserved 1060864K
  class space    used 1441K, capacity 1543K, committed 1664K, reserved 1048576K
Event: 1.156 GC heap after
Heap after GC invocations=2 (full 0):
 PSYoungGen      total 18944K, used 2544K [0x00000000eb400000, 0x00000000ec900000, 0x0000000100000000)
  eden space 16384K, 0% used [0x00000000eb400000,0x00000000eb400000,0x00000000ec400000)
  from space 2560K, 99% used [0x00000000ec680000,0x00000000ec8fc020,0x00000000ec900000)
  to   space 2560K, 0% used [0x00000000ec400000,0x00000000ec400000,0x00000000ec680000)
 ParOldGen       total 44032K, used 3011K [0x00000000c1c00000, 0x00000000c4700000, 0x00000000eb400000)
  object space 44032K, 6% used [0x00000000c1c00000,0x00000000c1ef0cf8,0x00000000c4700000)
 Metaspace       used 12666K, capacity 12946K, committed 13184K, reserved 1060864K
  class space    used 1441K, capacity 1543K, committed 1664K, reserved 1048576K
}
Event: 1.942 GC heap before
{Heap before GC invocations=3 (full 0):
 PSYoungGen      total 18944K, used 18928K [0x00000000eb400000, 0x00000000ec900000, 0x0000000100000000)
  eden space 16384K, 100% used [0x00000000eb400000,0x00000000ec400000,0x00000000ec400000)
  from space 2560K, 99% used [0x00000000ec680000,0x00000000ec8fc020,0x00000000ec900000)
  to   space 2560K, 0% used [0x00000000ec400000,0x00000000ec400000,0x00000000ec680000)
 ParOldGen       total 44032K, used 3011K [0x00000000c1c00000, 0x00000000c4700000, 0x00000000eb400000)
  object space 44032K, 6% used [0x00000000c1c00000,0x00000000c1ef0cf8,0x00000000c4700000)
 Metaspace       used 15132K, capacity 15392K, committed 15616K, reserved 1062912K
  class space    used 1817K, capacity 1930K, committed 2048K, reserved 1048576K
Event: 1.949 GC heap after
Heap after GC invocations=3 (full 0):
 PSYoungGen      total 18944K, used 2528K [0x00000000eb400000, 0x00000000ec900000, 0x0000000100000000)
  eden space 16384K, 0% used [0x00000000eb400000,0x00000000eb400000,0x00000000ec400000)
  from space 2560K, 98% used [0x00000000ec400000,0x00000000ec678050,0x00000000ec680000)
  to   space 2560K, 0% used [0x00000000ec680000,0x00000000ec680000,0x00000000ec900000)
 ParOldGen       total 44032K, used 6269K [0x00000000c1c00000, 0x00000000c4700000, 0x00000000eb400000)
  object space 44032K, 14% used [0x00000000c1c00000,0x00000000c221f478,0x00000000c4700000)
 Metaspace       used 15132K, capacity 15392K, committed 15616K, reserved 1062912K
  class space    used 1817K, capacity 1930K, committed 2048K, reserved 1048576K
}
Event: 388.375 GC heap before
{Heap before GC invocations=4 (full 0):
 PSYoungGen      total 18944K, used 18912K [0x00000000eb400000, 0x00000000ec900000, 0x0000000100000000)
  eden space 16384K, 100% used [0x00000000eb400000,0x00000000ec400000,0x00000000ec400000)
  from space 2560K, 98% used [0x00000000ec400000,0x00000000ec678050,0x00000000ec680000)
  to   space 2560K, 0% used [0x00000000ec680000,0x00000000ec680000,0x00000000ec900000)
 ParOldGen       total 44032K, used 6269K [0x00000000c1c00000, 0x00000000c4700000, 0x00000000eb400000)
  object space 44032K, 14% used [0x00000000c1c00000,0x00000000c221f478,0x00000000c4700000)
 Metaspace       used 16621K, capacity 16870K, committed 17280K, reserved 1064960K
  class space    used 1949K, capacity 2059K, committed 2176K, reserved 1048576K
Event: 388.386 GC heap after
Heap after GC invocations=4 (full 0):
 PSYoungGen      total 18944K, used 2552K [0x00000000eb400000, 0x00000000ec900000, 0x0000000100000000)
  eden space 16384K, 0% used [0x00000000eb400000,0x00000000eb400000,0x00000000ec400000)
  from space 2560K, 99% used [0x00000000ec680000,0x00000000ec8fe050,0x00000000ec900000)
  to   space 2560K, 0% used [0x00000000ec400000,0x00000000ec400000,0x00000000ec680000)
 ParOldGen       total 44032K, used 7219K [0x00000000c1c00000, 0x00000000c4700000, 0x00000000eb400000)
  object space 44032K, 16% used [0x00000000c1c00000,0x00000000c230cd98,0x00000000c4700000)
 Metaspace       used 16621K, capacity 16870K, committed 17280K, reserved 1064960K
  class space    used 1949K, capacity 2059K, committed 2176K, reserved 1048576K
}
Event: 449.255 GC heap before
{Heap before GC invocations=5 (full 0):
 PSYoungGen      total 18944K, used 18936K [0x00000000eb400000, 0x00000000ec900000, 0x0000000100000000)
  eden space 16384K, 100% used [0x00000000eb400000,0x00000000ec400000,0x00000000ec400000)
  from space 2560K, 99% used [0x00000000ec680000,0x00000000ec8fe050,0x00000000ec900000)
  to   space 2560K, 0% used [0x00000000ec400000,0x00000000ec400000,0x00000000ec680000)
 ParOldGen       total 44032K, used 7219K [0x00000000c1c00000, 0x00000000c4700000, 0x00000000eb400000)
  object space 44032K, 16% used [0x00000000c1c00000,0x00000000c230cd98,0x00000000c4700000)
 Metaspace       used 16956K, capacity 17190K, committed 17536K, reserved 1064960K
  class space    used 1951K, capacity 2059K, committed 2176K, reserved 1048576K
Event: 449.260 GC heap after
Heap after GC invocations=5 (full 0):
 PSYoungGen      total 18944K, used 2536K [0x00000000eb400000, 0x00000000ed100000, 0x0000000100000000)
  eden space 16384K, 0% used [0x00000000eb400000,0x00000000eb400000,0x00000000ec400000)
  from space 2560K, 99% used [0x00000000ec400000,0x00000000ec67a060,0x00000000ec680000)
  to   space 6656K, 0% used [0x00000000eca80000,0x00000000eca80000,0x00000000ed100000)
 ParOldGen       total 44032K, used 7259K [0x00000000c1c00000, 0x00000000c4700000, 0x00000000eb400000)
  object space 44032K, 16% used [0x00000000c1c00000,0x00000000c2316d98,0x00000000c4700000)
 Metaspace       used 16956K, capacity 17190K, committed 17536K, reserved 1064960K
  class space    used 1951K, capacity 2059K, committed 2176K, reserved 1048576K
}
Event: 641.705 GC heap before
{Heap before GC invocations=6 (full 0):
 PSYoungGen      total 18944K, used 18920K [0x00000000eb400000, 0x00000000ed100000, 0x0000000100000000)
  eden space 16384K, 100% used [0x00000000eb400000,0x00000000ec400000,0x00000000ec400000)
  from space 2560K, 99% used [0x00000000ec400000,0x00000000ec67a060,0x00000000ec680000)
  to   space 6656K, 0% used [0x00000000eca80000,0x00000000eca80000,0x00000000ed100000)
 ParOldGen       total 44032K, used 7259K [0x00000000c1c00000, 0x00000000c4700000, 0x00000000eb400000)
  object space 44032K, 16% used [0x00000000c1c00000,0x00000000c2316d98,0x00000000c4700000)
 Metaspace       used 17196K, capacity 17478K, committed 17792K, reserved 1064960K
  class space    used 1974K, capacity 2091K, committed 2176K, reserved 1048576K
Event: 641.711 GC heap after
Heap after GC invocations=6 (full 0):
 PSYoungGen      total 23040K, used 2753K [0x00000000eb400000, 0x00000000ed100000, 0x0000000100000000)
  eden space 16384K, 0% used [0x00000000eb400000,0x00000000eb400000,0x00000000ec400000)
  from space 6656K, 41% used [0x00000000eca80000,0x00000000ecd30780,0x00000000ed100000)
  to   space 6656K, 0% used [0x00000000ec400000,0x00000000ec400000,0x00000000eca80000)
 ParOldGen       total 44032K, used 7267K [0x00000000c1c00000, 0x00000000c4700000, 0x00000000eb400000)
  object space 44032K, 16% used [0x00000000c1c00000,0x00000000c2318d98,0x00000000c4700000)
 Metaspace       used 17196K, capacity 17478K, committed 17792K, reserved 1064960K
  class space    used 1974K, capacity 2091K, committed 2176K, reserved 1048576K
}

Deoptimization events (10 events):
Event: 641.727 Thread 0x00000000022cf000 Uncommon trap: reason=class_check action=maybe_recompile pc=0x00000000029c4120 method=java.util.regex.Pattern$Curly.match(Ljava/util/regex/Matcher;ILjava/lang/CharSequence;)Z @ 19
Event: 641.727 Thread 0x00000000022cf000 Uncommon trap: reason=class_check action=maybe_recompile pc=0x00000000029c4120 method=java.util.regex.Pattern$Curly.match(Ljava/util/regex/Matcher;ILjava/lang/CharSequence;)Z @ 19
Event: 641.727 Thread 0x00000000022cf000 Uncommon trap: reason=class_check action=maybe_recompile pc=0x00000000029c4120 method=java.util.regex.Pattern$Curly.match(Ljava/util/regex/Matcher;ILjava/lang/CharSequence;)Z @ 19
Event: 641.727 Thread 0x00000000022cf000 Uncommon trap: reason=class_check action=maybe_recompile pc=0x00000000029c4120 method=java.util.regex.Pattern$Curly.match(Ljava/util/regex/Matcher;ILjava/lang/CharSequence;)Z @ 19
Event: 641.732 Thread 0x00000000022cf000 Uncommon trap: reason=class_check action=maybe_recompile pc=0x0000000002b8a4ec method=java.lang.AbstractStringBuilder.append(Ljava/lang/CharSequence;)Ljava/lang/AbstractStringBuilder; @ 10
Event: 641.732 Thread 0x00000000022cf000 Uncommon trap: reason=class_check action=maybe_recompile pc=0x0000000002b8a4ec method=java.lang.AbstractStringBuilder.append(Ljava/lang/CharSequence;)Ljava/lang/AbstractStringBuilder; @ 10
Event: 641.732 Thread 0x00000000022cf000 Uncommon trap: reason=class_check action=maybe_recompile pc=0x0000000002b8a4ec method=java.lang.AbstractStringBuilder.append(Ljava/lang/CharSequence;)Ljava/lang/AbstractStringBuilder; @ 10
Event: 641.732 Thread 0x00000000022cf000 Uncommon trap: reason=class_check action=maybe_recompile pc=0x0000000002b8a4ec method=java.lang.AbstractStringBuilder.append(Ljava/lang/CharSequence;)Ljava/lang/AbstractStringBuilder; @ 10
Event: 641.733 Thread 0x00000000022cf000 Uncommon trap: reason=unstable_if action=reinterpret pc=0x000000000266435c method=java.util.regex.Pattern$BitClass.isSatisfiedBy(I)Z @ 13
Event: 641.745 Thread 0x00000000022cf000 Uncommon trap: reason=unstable_if action=reinterpret pc=0x0000000002793708 method=java.util.concurrent.ConcurrentHashMap.containsKey(Ljava/lang/Object;)Z @ 5

Internal exceptions (10 events):
Event: 638.023 Thread 0x000000005705c800 Exception <a 'java/net/SocketTimeoutException': Read timed out> (0x00000000ec2ff018) thrown at [C:\re\workspace\8-2-build-windows-amd64-cygwin\jdk8u144\9417\hotspot\src\share\vm\prims\jni.cpp, line 735]
Event: 638.051 Thread 0x000000005705c800 Exception <a 'java/net/SocketTimeoutException': Read timed out> (0x00000000ec309660) thrown at [C:\re\workspace\8-2-build-windows-amd64-cygwin\jdk8u144\9417\hotspot\src\share\vm\prims\jni.cpp, line 735]
Event: 638.124 Thread 0x000000005705c800 Exception <a 'java/net/SocketTimeoutException': Read timed out> (0x00000000ec313e48) thrown at [C:\re\workspace\8-2-build-windows-amd64-cygwin\jdk8u144\9417\hotspot\src\share\vm\prims\jni.cpp, line 735]
Event: 638.189 Thread 0x000000005705c800 Exception <a 'java/net/SocketTimeoutException': Read timed out> (0x00000000ec31e200) thrown at [C:\re\workspace\8-2-build-windows-amd64-cygwin\jdk8u144\9417\hotspot\src\share\vm\prims\jni.cpp, line 735]
Event: 639.306 Thread 0x000000005705c800 Exception <a 'java/net/SocketTimeoutException': Read timed out> (0x00000000ec328eb8) thrown at [C:\re\workspace\8-2-build-windows-amd64-cygwin\jdk8u144\9417\hotspot\src\share\vm\prims\jni.cpp, line 735]
Event: 639.365 Thread 0x000000005705c800 Exception <a 'java/net/SocketTimeoutException': Read timed out> (0x00000000ec335de0) thrown at [C:\re\workspace\8-2-build-windows-amd64-cygwin\jdk8u144\9417\hotspot\src\share\vm\prims\jni.cpp, line 735]
Event: 641.515 Thread 0x000000005705c800 Exception <a 'java/net/SocketTimeoutException': Read timed out> (0x00000000ec3408d0) thrown at [C:\re\workspace\8-2-build-windows-amd64-cygwin\jdk8u144\9417\hotspot\src\share\vm\prims\jni.cpp, line 735]
Event: 641.516 Thread 0x000000005705c800 Exception <a 'java/net/SocketTimeoutException': Read timed out> (0x00000000ec340d90) thrown at [C:\re\workspace\8-2-build-windows-amd64-cygwin\jdk8u144\9417\hotspot\src\share\vm\prims\jni.cpp, line 735]
Event: 641.541 Thread 0x000000005705c800 Exception <a 'java/net/SocketTimeoutException': Read timed out> (0x00000000ec34d8e8) thrown at [C:\re\workspace\8-2-build-windows-amd64-cygwin\jdk8u144\9417\hotspot\src\share\vm\prims\jni.cpp, line 735]
Event: 641.696 Thread 0x000000005705c800 Exception <a 'java/lang/reflect/InvocationTargetException'> (0x00000000ec36cea8) thrown at [C:\re\workspace\8-2-build-windows-amd64-cygwin\jdk8u144\9417\hotspot\src\share\vm\runtime\reflection.cpp, line 1092]

Events (10 events):
Event: 641.840 loading class org/testng/reporters/Files
Event: 641.840 loading class org/testng/reporters/Files done
Event: 641.910 Thread 0x0000000056ddc800 Thread exited: 0x0000000056ddc800
Event: 641.927 loading class java/util/IdentityHashMap$KeyIterator
Event: 641.928 loading class java/util/IdentityHashMap$IdentityHashMapIterator
Event: 641.928 loading class java/util/IdentityHashMap$IdentityHashMapIterator done
Event: 641.928 loading class java/util/IdentityHashMap$KeyIterator done
Event: 641.928 Thread 0x0000000056ddc800 Thread added: 0x0000000056ddc800
Event: 641.931 Thread 0x0000000056ddc800 Thread exited: 0x0000000056ddc800
Event: 641.931 Executing VM operation: Exit


Dynamic libraries:
0x000000013f420000 - 0x000000013f457000 	C:\Program Files\Java\jdk1.8.0_144\bin\javaw.exe
0x0000000077c20000 - 0x0000000077dbf000 	C:\Windows\SYSTEM32\ntdll.dll
0x00000000778c0000 - 0x00000000779df000 	C:\Windows\system32\kernel32.dll
0x000007fefda50000 - 0x000007fefdaba000 	C:\Windows\system32\KERNELBASE.dll
0x000007feff700000 - 0x000007feff7db000 	C:\Windows\system32\ADVAPI32.dll
0x000007feff300000 - 0x000007feff39f000 	C:\Windows\system32\msvcrt.dll
0x000007feffb50000 - 0x000007feffb6f000 	C:\Windows\SYSTEM32\sechost.dll
0x000007feff570000 - 0x000007feff69d000 	C:\Windows\system32\RPCRT4.dll
0x00000000779e0000 - 0x0000000077ada000 	C:\Windows\system32\USER32.dll
0x000007fefed50000 - 0x000007fefedb7000 	C:\Windows\system32\GDI32.dll
0x000007feff3a0000 - 0x000007feff3ae000 	C:\Windows\system32\LPK.dll
0x000007fefded0000 - 0x000007fefdf9b000 	C:\Windows\system32\USP10.dll
0x000007fefbea0000 - 0x000007fefc094000 	C:\Windows\WinSxS\amd64_microsoft.windows.common-controls_6595b64144ccf1df_6.0.7601.18837_none_fa3b1e3d17594757\COMCTL32.dll
0x000007feff4f0000 - 0x000007feff561000 	C:\Windows\system32\SHLWAPI.dll
0x000007fefdb20000 - 0x000007fefdb4e000 	C:\Windows\system32\IMM32.DLL
0x000007feffb70000 - 0x000007feffc79000 	C:\Windows\system32\MSCTF.dll
0x0000000060410000 - 0x00000000604e2000 	C:\Program Files\Java\jdk1.8.0_144\jre\bin\msvcr100.dll
0x000000006f360000 - 0x000000006fbfd000 	C:\Program Files\Java\jdk1.8.0_144\jre\bin\server\jvm.dll
0x000007fef9e20000 - 0x000007fef9e29000 	C:\Windows\system32\WSOCK32.dll
0x000007fefdb50000 - 0x000007fefdb9d000 	C:\Windows\system32\WS2_32.dll
0x000007feffa40000 - 0x000007feffa48000 	C:\Windows\system32\NSI.dll
0x000007fefd720000 - 0x000007fefd75b000 	C:\Windows\system32\WINMM.dll
0x000007fefc7b0000 - 0x000007fefc7bc000 	C:\Windows\system32\VERSION.dll
0x0000000077dd0000 - 0x0000000077dd7000 	C:\Windows\system32\PSAPI.DLL
0x0000000071f00000 - 0x0000000071f0f000 	C:\Program Files\Java\jdk1.8.0_144\jre\bin\verify.dll
0x0000000071850000 - 0x0000000071879000 	C:\Program Files\Java\jdk1.8.0_144\jre\bin\java.dll
0x0000000180000000 - 0x0000000180031000 	C:\Windows\system32\jvmhook.dll
0x000007feffd10000 - 0x000007fefff0f000 	C:\Windows\system32\ole32.dll
0x000007feff220000 - 0x000007feff2fa000 	C:\Windows\system32\OLEAUT32.dll
0x000007fef5d70000 - 0x000007fef5da1000 	C:\Windows\system32\atl110.DLL
0x000007fef58f0000 - 0x000007fef5997000 	C:\Windows\system32\MSVCP110.dll
0x000007fef5810000 - 0x000007fef58e4000 	C:\Windows\system32\MSVCR110.dll
0x0000000071890000 - 0x00000000718a6000 	C:\Program Files\Java\jdk1.8.0_144\jre\bin\zip.dll
0x000007fefdfa0000 - 0x000007fefed2a000 	C:\Windows\system32\SHELL32.dll
0x000007fefd6d0000 - 0x000007fefd6df000 	C:\Windows\system32\profapi.dll
0x0000000071830000 - 0x000000007184a000 	C:\Program Files\Java\jdk1.8.0_144\jre\bin\net.dll
0x000007fefce10000 - 0x000007fefce65000 	C:\Windows\system32\mswsock.dll
0x000007fefce00000 - 0x000007fefce07000 	C:\Windows\System32\wship6.dll
0x000007fefc880000 - 0x000007fefc887000 	C:\Windows\System32\wshtcpip.dll
0x000007fefcc90000 - 0x000007fefcceb000 	C:\Windows\system32\DNSAPI.dll
0x000007fefbb80000 - 0x000007fefbba7000 	C:\Windows\system32\IPHLPAPI.DLL
0x000007fefbb70000 - 0x000007fefbb7b000 	C:\Windows\system32\WINNSI.DLL
0x000007fef9c30000 - 0x000007fef9c41000 	C:\Windows\system32\dhcpcsvc6.DLL
0x000007fefaab0000 - 0x000007fefaac8000 	C:\Windows\system32\dhcpcsvc.DLL
0x000007fef9670000 - 0x000007fef9678000 	C:\Windows\system32\rasadhlp.dll
0x000007fefa470000 - 0x000007fefa4c3000 	C:\Windows\System32\fwpuclnt.dll
0x000007fefce70000 - 0x000007fefce87000 	C:\Windows\system32\CRYPTSP.dll
0x000007fefcb70000 - 0x000007fefcbb7000 	C:\Windows\system32\rsaenh.dll
0x000007fefd8b0000 - 0x000007fefd8ce000 	C:\Windows\system32\USERENV.dll
0x000007fefd560000 - 0x000007fefd56f000 	C:\Windows\system32\CRYPTBASE.dll
0x0000000071810000 - 0x0000000071821000 	C:\Program Files\Java\jdk1.8.0_144\jre\bin\nio.dll
0x000007fef3220000 - 0x000007fef3258000 	F:\yulei_Java_demo\iplatform_Auto\lib\AutoIt\jacob-1.19-x64.dll
0x000007feff3b0000 - 0x000007feff449000 	C:\Windows\system32\CLBCatQ.DLL
0x000007fefd610000 - 0x000007fefd624000 	C:\Windows\system32\RpcRtRemote.dll
0x0000000057770000 - 0x0000000057839000 	C:\Program Files (x86)\kingsoft\kingsoft antivirus\kwsui64.dll
0x0000000071440000 - 0x0000000071464000 	C:\Program Files\Java\jdk1.8.0_144\jre\bin\sunec.dll
0x000007fefd500000 - 0x000007fefd557000 	C:\Windows\system32\apphelp.dll
0x000007fefd570000 - 0x000007fefd601000 	C:\Windows\system32\SXS.DLL
0x000007fefbd50000 - 0x000007fefbd65000 	C:\Windows\system32\NLAapi.dll
0x000007fef9060000 - 0x000007fef9075000 	C:\Windows\system32\napinsp.dll
0x000007fef9080000 - 0x000007fef9099000 	C:\Windows\system32\pnrpnsp.dll
0x000007fef9000000 - 0x000007fef900b000 	C:\Windows\System32\winrnr.dll
0x000007fef8d00000 - 0x000007fef8e25000 	C:\Windows\system32\dbghelp.dll

VM Arguments:
jvm_args: -agentlib:jvmhook -ea -Dfile.encoding=GBK -Xrunjvmhook -Xbootclasspath/a:C:\Program Files (x86)\HP\Unified Functional Testing\bin\java_shared\classes;C:\Program Files (x86)\HP\Unified Functional Testing\\bin\java_shared\classes\jasmine.jar 
java_command: org.testng.remote.RemoteTestNG -serport 64797 -protocol json -d F:\yulei_Java_demo\iplatform_Auto\test-output C:\Users\yulei\AppData\Local\Temp\testng-eclipse-1704708424\testng-customsuite.xml
java_class_path (initial): D:\Program Files\eclipse\configuration\org.eclipse.osgi\499\0\.cp\lib\testng-remote.jar;F:\yulei_Java_demo\iplatform_Auto\bin;F:\yulei_Java_demo\com.iplatform\lib\dom4j-1.6.1.jar;F:\yulei_Java_demo\com.iplatform\lib\dom4j-1.6.1-hudson-3.jar;F:\yulei_Java_demo\com.iplatform\lib\dom4j-1.6.1-hudson-3-sources.jar;F:\yulei_Java_demo\com.iplatform\lib\jxl-2.6.12.jar;F:\yulei_Java_demo\com.iplatform\lib\jxl-2.6.12-sources.jar;F:\yulei_Java_demo\iplatform_Auto\lib\AutoIt\AutoItX4Java.jar;F:\yulei_Java_demo\iplatform_Auto\lib\AutoIt\jacob.jar;F:\yulei_Java_demo\iplatform_Auto\lib\commons-net-3.6.jar;F:\yulei_Java_demo\iplatform_Auto\lib\ashot-1.5.4.jar;F:\yulei_Java_demo\iplatform_Auto\lib\gson-2.6.2.jar;F:\yulei_Java_demo\iplatform_Auto\lib\hamcrest-core-1.3.jar;F:\yulei_Java_demo\iplatform_Auto\lib\selenium-java-2.53.0.jar;F:\yulei_Java_demo\iplatform_Auto\lib\selenium-java-2.53.0-srcs.jar;F:\yulei_Java_demo\iplatform_Auto\lib\selenium-server-standalone-2.53.0.jar
Launcher Type: SUN_STANDARD

Environment Variables:
JAVA_HOME=C:\Program Files\Java\jdk1.8.0_144
JAVA_TOOL_OPTIONS=-agentlib:jvmhook
_JAVA_OPTIONS=-Xrunjvmhook -Xbootclasspath/a:"C:\Program Files (x86)\HP\Unified Functional Testing\bin\java_shared\classes";"C:\Program Files (x86)\HP\Unified Functional Testing\\bin\java_shared\classes\jasmine.jar"
CLASSPATH=.;C:\Program Files\Java\jdk1.8.0_144\lib\dt.jar;C:\Program Files\Java\jdk1.8.0_144\lib\tools.jar;
PATH=C:/Program Files/Java/jdk1.8.0_144/bin/../jre/bin/server;C:/Program Files/Java/jdk1.8.0_144/bin/../jre/bin;C:/Program Files/Java/jdk1.8.0_144/bin/../jre/lib/amd64;D:\app\yulei\product\11.2.0\client_4;D:\app\yulei\product\11.2.0\client_3;D:\app\yulei\product\11.2.0\client_1;D:\app\yulei\product\11.2.0\client_2;C:\Program Files\Java\jdk1.8.0_144\bin;C:\Program Files\Java\jdk1.8.0_144\jre\bin;C:\Program Files (x86)\Common Files\NetSarang;C:\Windows\system32;C:\Windows;C:\Windows\System32\Wbem;C:\Windows\System32\WindowsPowerShell\v1.0\;C:\Program Files (x86)\Microsoft SQL Server\90\Tools\binn\;C:\Program Files (x86)\HP\Unified Functional Testing\bin;C:\WebDriver;C:\Program Files (x86)\Python37-32;C:\Program Files\Git\cmd;C:\Program Files (x86)\Skype\Phone\;D:\Program Files\eclipse;;C:\Program Files (x86)\HP\Unified Functional Testing\\bin64
USERNAME=yulei
OS=Windows_NT
PROCESSOR_IDENTIFIER=Intel64 Family 6 Model 42 Stepping 7, GenuineIntel



---------------  S Y S T E M  ---------------

OS: Windows 7 , 64 bit Build 7601 (6.1.7601.24335)

CPU:total 4 (initial active 4) (2 cores per cpu, 2 threads per core) family 6 model 42 stepping 7, cmov, cx8, fxsr, mmx, sse, sse2, sse3, ssse3, sse4.1, sse4.2, popcnt, avx, clmul, ht, tsc, tscinvbit

Memory: 4k page, physical 4072508k(983844k free), swap 12370184k(7210340k free)

vm_info: Java HotSpot(TM) 64-Bit Server VM (25.144-b01) for windows-amd64 JRE (1.8.0_144-b01), built on Jul 21 2017 21:57:33 by "java_re" with MS VC++ 10.0 (VS2010)

time: Tue Mar 09 02:53:04 2021
elapsed time: 642 seconds (0d 0h 10m 42s)

