#
# A fatal error has been detected by the Java Runtime Environment:
#
#  EXCEPTION_ACCESS_VIOLATION (0xc0000005) at pc=0x000007fefd380cc2, pid=14164, tid=0x0000000000003078
#
# JRE version: Java(TM) SE Runtime Environment (8.0_144-b01) (build 1.8.0_144-b01)
# Java VM: Java HotSpot(TM) 64-Bit Server VM (25.144-b01 mixed mode windows-amd64 compressed oops)
# Problematic frame:
# C  [ole32.dll+0x40cc2]
#
# Failed to write core dump. Minidumps are not enabled by default on client versions of Windows
#
# If you would like to submit a bug report, please visit:
#   http://bugreport.java.com/bugreport/crash.jsp
# The crash happened outside the Java Virtual Machine in native code.
# See problematic frame for where to report the bug.
#

---------------  T H R E A D  ---------------

Current thread (0x0000000054dce800):  JavaThread "Finalizer" daemon [_thread_in_native, id=12408, stack(0x0000000056040000,0x0000000056140000)]

siginfo: ExceptionCode=0xc0000005, reading address 0x00000000004be430

Registers:
RAX=0x000007fefd4e4fd0, RBX=0x00000000004be410, RCX=0x00000000004e7b38, RDX=0x0000000000100009
RSP=0x000000005613ec80, RBP=0x000000005613ee10, RSI=0x0000000000000000, RDI=0x00000000004e7b38
R8 =0x0000000000000d44, R9 =0x000007fefd4c5428, R10=0x00000000004e7c58, R11=0x0000000000000001
R12=0x0000000000000001, R13=0x0000000054bb1ff0, R14=0x0000000000000000, R15=0x000007fefd4e5018
RIP=0x000007fefd380cc2, EFLAGS=0x0000000000010202

Top of Stack: (sp=0x000000005613ec80)
0x000000005613ec80:   0000000054bb1ff0 0000000000000000
0x000000005613ec90:   000000005613ee30 0000000000000042
0x000000005613eca0:   000000005613ee30 0000000054bb1ff0
0x000000005613ecb0:   0000000000000001 00000000004e7b30
0x000000005613ecc0:   0000000000000000 000007fefd3641f8
0x000000005613ecd0:   0000000054dce800 00000000004e7b38
0x000000005613ece0:   000000005613ee10 0000000000000001
0x000000005613ecf0:   00000000004b7a20 000007fefd380498
0x000000005613ed00:   0000000000000000 00000000004b7a20
0x000000005613ed10:   000000005613ee10 0000000000000000
0x000000005613ed20:   0000000000000000 000000005613ee30
0x000000005613ed30:   0000000000000042 000007fefd36419b
0x000000005613ed40:   00000000004b7a20 00000000004e7b30
0x000000005613ed50:   000000005613ee10 000000005613ee30
0x000000005613ed60:   000000005613ee30 000007fef6162510
0x000000005613ed70:   0000000080000000 00000000004b7a20 

Instructions: (pc=0x000007fefd380cc2)
0x000007fefd380ca2:   ff 48 8b 59 10 45 33 f6 48 8b f9 48 85 db 0f 84
0x000007fefd380cb2:   bb fe 01 00 4c 89 7c 24 50 4c 8d 3d 56 43 16 00
0x000007fefd380cc2:   48 8b 4b 20 81 4b 08 82 00 00 00 48 85 c9 0f 85
0x000007fefd380cd2:   64 94 fe ff 48 8b f3 48 8b 1b 48 85 db 75 e1 4c 


Register to memory mapping:

RAX=0x000007fefd4e4fd0 is an unknown value
RBX=0x00000000004be410 is an unknown value
RCX=0x00000000004e7b38 is an unknown value
RDX=0x0000000000100009 is an unknown value
RSP=0x000000005613ec80 is pointing into the stack for thread: 0x0000000054dce800
RBP=0x000000005613ee10 is pointing into the stack for thread: 0x0000000054dce800
RSI=0x0000000000000000 is an unknown value
RDI=0x00000000004e7b38 is an unknown value
R8 =0x0000000000000d44 is an unknown value
R9 =0x000007fefd4c5428 is an unknown value
R10=0x00000000004e7c58 is an unknown value
R11=0x0000000000000001 is an unknown value
R12=0x0000000000000001 is an unknown value
R13={method} {0x0000000054bb1ff8} 'release' '()V' in 'com/jacob/com/Dispatch'
R14=0x0000000000000000 is an unknown value
R15=0x000007fefd4e5018 is an unknown value


Stack: [0x0000000056040000,0x0000000056140000],  sp=0x000000005613ec80,  free space=1019k
Native frames: (J=compiled Java code, j=interpreted, Vv=VM code, C=native code)
C  [ole32.dll+0x40cc2]
C  [ole32.dll+0x241f8]
C  [ole32.dll+0x40498]
C  [ole32.dll+0x2419b]
C  [jacob-1.19-x64.dll+0x2510]
C  0x0000000002497f54

Java frames: (J=compiled Java code, j=interpreted, Vv=VM code)
j  com.jacob.com.Dispatch.release()V+0
j  com.jacob.com.Dispatch.safeRelease()V+12
j  com.jacob.com.Dispatch.finalize()V+1
j  com.jacob.activeX.ActiveXComponent.finalize()V+1
J 678 C1 java.lang.ref.Finalizer.runFinalizer(Lsun/misc/JavaLangAccess;)V (62 bytes) @ 0x000000000271b1ac [0x000000000271ac40+0x56c]
J 677 C1 java.lang.ref.Finalizer.access$100(Ljava/lang/ref/Finalizer;Lsun/misc/JavaLangAccess;)V (6 bytes) @ 0x000000000271a8dc [0x000000000271a880+0x5c]
j  java.lang.ref.Finalizer$FinalizerThread.run()V+45
v  ~StubRoutines::call_stub

---------------  P R O C E S S  ---------------

Java Threads: ( => current thread )
  0x0000000057845800 JavaThread "Exec Stream Pumper" daemon [_thread_in_native, id=10940, stack(0x000000005a0c0000,0x000000005a1c0000)]
  0x0000000058baa800 JavaThread "Exec Stream Pumper" daemon [_thread_in_native, id=11488, stack(0x0000000059f10000,0x000000005a010000)]
  0x00000000579bb000 JavaThread "Exec Default Executor" daemon [_thread_in_native, id=12344, stack(0x0000000059d00000,0x0000000059e00000)]
  0x00000000561d3800 JavaThread "Service Thread" daemon [_thread_blocked, id=13332, stack(0x0000000056f20000,0x0000000057020000)]
  0x000000005616a000 JavaThread "C1 CompilerThread2" daemon [_thread_blocked, id=14244, stack(0x0000000056de0000,0x0000000056ee0000)]
  0x0000000056168800 JavaThread "C2 CompilerThread1" daemon [_thread_blocked, id=14120, stack(0x0000000056b50000,0x0000000056c50000)]
  0x0000000056163800 JavaThread "C2 CompilerThread0" daemon [_thread_blocked, id=13276, stack(0x0000000056920000,0x0000000056a20000)]
  0x000000005614b000 JavaThread "Attach Listener" daemon [_thread_blocked, id=10312, stack(0x0000000056790000,0x0000000056890000)]
  0x000000005614a800 JavaThread "Signal Dispatcher" daemon [_thread_blocked, id=11420, stack(0x0000000056600000,0x0000000056700000)]
=>0x0000000054dce800 JavaThread "Finalizer" daemon [_thread_in_native, id=12408, stack(0x0000000056040000,0x0000000056140000)]
  0x0000000054d85800 JavaThread "Reference Handler" daemon [_thread_blocked, id=13020, stack(0x0000000055e60000,0x0000000055f60000)]
  0x000000000228f000 JavaThread "main" [_thread_blocked, id=14088, stack(0x0000000002380000,0x0000000002480000)]

Other Threads:
  0x0000000054d80000 VMThread [stack: 0x0000000055cd0000,0x0000000055dd0000] [id=5364]
  0x000000005620d000 WatcherThread [stack: 0x0000000057100000,0x0000000057200000] [id=12940]

VM state:not at safepoint (normal execution)

VM Mutex/Monitor currently owned by a thread: None

Heap:
 PSYoungGen      total 23040K, used 5110K [0x00000000eb400000, 0x00000000ed100000, 0x0000000100000000)
  eden space 16384K, 21% used [0x00000000eb400000,0x00000000eb775958,0x00000000ec400000)
  from space 6656K, 23% used [0x00000000ec400000,0x00000000ec588020,0x00000000eca80000)
  to   space 6656K, 0% used [0x00000000eca80000,0x00000000eca80000,0x00000000ed100000)
 ParOldGen       total 44032K, used 8892K [0x00000000c1c00000, 0x00000000c4700000, 0x00000000eb400000)
  object space 44032K, 20% used [0x00000000c1c00000,0x00000000c24af120,0x00000000c4700000)
 Metaspace       used 17948K, capacity 18190K, committed 18304K, reserved 1064960K
  class space    used 2060K, capacity 2155K, committed 2176K, reserved 1048576K

Card table byte_map: [0x0000000011840000,0x0000000011a40000] byte_map_base: 0x0000000011232000

Marking Bits: (ParMarkBitMap*) 0x00000000701ed850
 Begin Bits: [0x00000000122d0000, 0x0000000013260000)
 End Bits:   [0x0000000013260000, 0x00000000141f0000)

Polling page: 0x0000000000110000

CodeCache: size=245760Kb used=8991Kb max_used=8991Kb free=236768Kb
 bounds [0x0000000002480000, 0x0000000002d50000, 0x0000000011480000]
 total_blobs=2892 nmethods=2472 adapters=332
 compilation: enabled

Compilation events (10 events):
Event: 415.386 Thread 0x000000005616a000 nmethod 2634 0x00000000025e7d10 code [0x00000000025e7e80, 0x00000000025e80f8]
Event: 415.386 Thread 0x000000005616a000 2635       3       java.nio.CharBuffer::hasArray (20 bytes)
Event: 415.386 Thread 0x000000005616a000 nmethod 2635 0x00000000025e7950 code [0x00000000025e7aa0, 0x00000000025e7c90]
Event: 415.386 Thread 0x000000005616a000 2636       3       java.nio.ByteBuffer::hasArray (20 bytes)
Event: 415.386 Thread 0x000000005616a000 nmethod 2636 0x00000000025e7590 code [0x00000000025e76e0, 0x00000000025e78d0]
Event: 415.387 Thread 0x000000005616a000 2637       3       java.lang.AbstractStringBuilder::append (144 bytes)
Event: 415.388 Thread 0x000000005616a000 nmethod 2637 0x0000000002d3d310 code [0x0000000002d3d5e0, 0x0000000002d3eaa8]
Event: 415.389 Thread 0x000000005616a000 2638       3       java.nio.CharBuffer::array (35 bytes)
Event: 415.389 Thread 0x000000005616a000 nmethod 2638 0x00000000025e6f90 code [0x00000000025e7120, 0x00000000025e7438]
Event: 415.389 Thread 0x0000000056163800 2639  s    4       java.lang.StringBuffer::append (13 bytes)

GC Heap History (10 events):
Event: 3.179 GC heap before
{Heap before GC invocations=3 (full 0):
 PSYoungGen      total 18944K, used 18920K [0x00000000eb400000, 0x00000000ec900000, 0x0000000100000000)
  eden space 16384K, 100% used [0x00000000eb400000,0x00000000ec400000,0x00000000ec400000)
  from space 2560K, 99% used [0x00000000ec680000,0x00000000ec8fa050,0x00000000ec900000)
  to   space 2560K, 0% used [0x00000000ec400000,0x00000000ec400000,0x00000000ec680000)
 ParOldGen       total 44032K, used 3044K [0x00000000c1c00000, 0x00000000c4700000, 0x00000000eb400000)
  object space 44032K, 6% used [0x00000000c1c00000,0x00000000c1ef9130,0x00000000c4700000)
 Metaspace       used 15230K, capacity 15464K, committed 15872K, reserved 1062912K
  class space    used 1833K, capacity 1930K, committed 2048K, reserved 1048576K
Event: 3.186 GC heap after
Heap after GC invocations=3 (full 0):
 PSYoungGen      total 18944K, used 2552K [0x00000000eb400000, 0x00000000ec900000, 0x0000000100000000)
  eden space 16384K, 0% used [0x00000000eb400000,0x00000000eb400000,0x00000000ec400000)
  from space 2560K, 99% used [0x00000000ec400000,0x00000000ec67e030,0x00000000ec680000)
  to   space 2560K, 0% used [0x00000000ec680000,0x00000000ec680000,0x00000000ec900000)
 ParOldGen       total 44032K, used 6266K [0x00000000c1c00000, 0x00000000c4700000, 0x00000000eb400000)
  object space 44032K, 14% used [0x00000000c1c00000,0x00000000c221e998,0x00000000c4700000)
 Metaspace       used 15230K, capacity 15464K, committed 15872K, reserved 1062912K
  class space    used 1833K, capacity 1930K, committed 2048K, reserved 1048576K
}
Event: 99.031 GC heap before
{Heap before GC invocations=4 (full 0):
 PSYoungGen      total 18944K, used 18936K [0x00000000eb400000, 0x00000000ec900000, 0x0000000100000000)
  eden space 16384K, 100% used [0x00000000eb400000,0x00000000ec400000,0x00000000ec400000)
  from space 2560K, 99% used [0x00000000ec400000,0x00000000ec67e030,0x00000000ec680000)
  to   space 2560K, 0% used [0x00000000ec680000,0x00000000ec680000,0x00000000ec900000)
 ParOldGen       total 44032K, used 6266K [0x00000000c1c00000, 0x00000000c4700000, 0x00000000eb400000)
  object space 44032K, 14% used [0x00000000c1c00000,0x00000000c221e998,0x00000000c4700000)
 Metaspace       used 16629K, capacity 16878K, committed 17280K, reserved 1064960K
  class space    used 1948K, capacity 2059K, committed 2176K, reserved 1048576K
Event: 99.037 GC heap after
Heap after GC invocations=4 (full 0):
 PSYoungGen      total 18944K, used 2552K [0x00000000eb400000, 0x00000000ec900000, 0x0000000100000000)
  eden space 16384K, 0% used [0x00000000eb400000,0x00000000eb400000,0x00000000ec400000)
  from space 2560K, 99% used [0x00000000ec680000,0x00000000ec8fe070,0x00000000ec900000)
  to   space 2560K, 0% used [0x00000000ec400000,0x00000000ec400000,0x00000000ec680000)
 ParOldGen       total 44032K, used 7216K [0x00000000c1c00000, 0x00000000c4700000, 0x00000000eb400000)
  object space 44032K, 16% used [0x00000000c1c00000,0x00000000c230c050,0x00000000c4700000)
 Metaspace       used 16629K, capacity 16878K, committed 17280K, reserved 1064960K
  class space    used 1948K, capacity 2059K, committed 2176K, reserved 1048576K
}
Event: 148.151 GC heap before
{Heap before GC invocations=5 (full 0):
 PSYoungGen      total 18944K, used 18936K [0x00000000eb400000, 0x00000000ec900000, 0x0000000100000000)
  eden space 16384K, 100% used [0x00000000eb400000,0x00000000ec400000,0x00000000ec400000)
  from space 2560K, 99% used [0x00000000ec680000,0x00000000ec8fe070,0x00000000ec900000)
  to   space 2560K, 0% used [0x00000000ec400000,0x00000000ec400000,0x00000000ec680000)
 ParOldGen       total 44032K, used 7216K [0x00000000c1c00000, 0x00000000c4700000, 0x00000000eb400000)
  object space 44032K, 16% used [0x00000000c1c00000,0x00000000c230c050,0x00000000c4700000)
 Metaspace       used 16784K, capacity 17006K, committed 17280K, reserved 1064960K
  class space    used 1949K, capacity 2059K, committed 2176K, reserved 1048576K
Event: 148.157 GC heap after
Heap after GC invocations=5 (full 0):
 PSYoungGen      total 18944K, used 2552K [0x00000000eb400000, 0x00000000ed100000, 0x0000000100000000)
  eden space 16384K, 0% used [0x00000000eb400000,0x00000000eb400000,0x00000000ec400000)
  from space 2560K, 99% used [0x00000000ec400000,0x00000000ec67e070,0x00000000ec680000)
  to   space 6656K, 0% used [0x00000000eca80000,0x00000000eca80000,0x00000000ed100000)
 ParOldGen       total 44032K, used 7228K [0x00000000c1c00000, 0x00000000c4700000, 0x00000000eb400000)
  object space 44032K, 16% used [0x00000000c1c00000,0x00000000c230f060,0x00000000c4700000)
 Metaspace       used 16784K, capacity 17006K, committed 17280K, reserved 1064960K
  class space    used 1949K, capacity 2059K, committed 2176K, reserved 1048576K
}
Event: 183.650 GC heap before
{Heap before GC invocations=6 (full 0):
 PSYoungGen      total 18944K, used 18936K [0x00000000eb400000, 0x00000000ed100000, 0x0000000100000000)
  eden space 16384K, 100% used [0x00000000eb400000,0x00000000ec400000,0x00000000ec400000)
  from space 2560K, 99% used [0x00000000ec400000,0x00000000ec67e070,0x00000000ec680000)
  to   space 6656K, 0% used [0x00000000eca80000,0x00000000eca80000,0x00000000ed100000)
 ParOldGen       total 44032K, used 7228K [0x00000000c1c00000, 0x00000000c4700000, 0x00000000eb400000)
  object space 44032K, 16% used [0x00000000c1c00000,0x00000000c230f060,0x00000000c4700000)
 Metaspace       used 16950K, capacity 17198K, committed 17536K, reserved 1064960K
  class space    used 1949K, capacity 2059K, committed 2176K, reserved 1048576K
Event: 183.657 GC heap after
Heap after GC invocations=6 (full 0):
 PSYoungGen      total 23040K, used 2568K [0x00000000eb400000, 0x00000000ed100000, 0x0000000100000000)
  eden space 16384K, 0% used [0x00000000eb400000,0x00000000eb400000,0x00000000ec400000)
  from space 6656K, 38% used [0x00000000eca80000,0x00000000ecd02060,0x00000000ed100000)
  to   space 6656K, 0% used [0x00000000ec400000,0x00000000ec400000,0x00000000eca80000)
 ParOldGen       total 44032K, used 7236K [0x00000000c1c00000, 0x00000000c4700000, 0x00000000eb400000)
  object space 44032K, 16% used [0x00000000c1c00000,0x00000000c2311060,0x00000000c4700000)
 Metaspace       used 16950K, capacity 17198K, committed 17536K, reserved 1064960K
  class space    used 1949K, capacity 2059K, committed 2176K, reserved 1048576K
}
Event: 415.326 GC heap before
{Heap before GC invocations=7 (full 0):
 PSYoungGen      total 23040K, used 18952K [0x00000000eb400000, 0x00000000ed100000, 0x0000000100000000)
  eden space 16384K, 100% used [0x00000000eb400000,0x00000000ec400000,0x00000000ec400000)
  from space 6656K, 38% used [0x00000000eca80000,0x00000000ecd02060,0x00000000ed100000)
  to   space 6656K, 0% used [0x00000000ec400000,0x00000000ec400000,0x00000000eca80000)
 ParOldGen       total 44032K, used 7236K [0x00000000c1c00000, 0x00000000c4700000, 0x00000000eb400000)
  object space 44032K, 16% used [0x00000000c1c00000,0x00000000c2311060,0x00000000c4700000)
 Metaspace       used 17747K, capacity 17966K, committed 18304K, reserved 1064960K
  class space    used 2034K, capacity 2123K, committed 2176K, reserved 1048576K
Event: 415.346 GC heap after
Heap after GC invocations=7 (full 0):
 PSYoungGen      total 23040K, used 1568K [0x00000000eb400000, 0x00000000ed100000, 0x0000000100000000)
  eden space 16384K, 0% used [0x00000000eb400000,0x00000000eb400000,0x00000000ec400000)
  from space 6656K, 23% used [0x00000000ec400000,0x00000000ec588020,0x00000000eca80000)
  to   space 6656K, 0% used [0x00000000eca80000,0x00000000eca80000,0x00000000ed100000)
 ParOldGen       total 44032K, used 8892K [0x00000000c1c00000, 0x00000000c4700000, 0x00000000eb400000)
  object space 44032K, 20% used [0x00000000c1c00000,0x00000000c24af120,0x00000000c4700000)
 Metaspace       used 17747K, capacity 17966K, committed 18304K, reserved 1064960K
  class space    used 2034K, capacity 2123K, committed 2176K, reserved 1048576K
}

Deoptimization events (10 events):
Event: 415.278 Thread 0x000000000228f000 Uncommon trap: reason=class_check action=maybe_recompile pc=0x0000000002afe2ec method=java.lang.AbstractStringBuilder.append(Ljava/lang/CharSequence;)Ljava/lang/AbstractStringBuilder; @ 10
Event: 415.278 Thread 0x000000000228f000 Uncommon trap: reason=class_check action=maybe_recompile pc=0x0000000002afe2ec method=java.lang.AbstractStringBuilder.append(Ljava/lang/CharSequence;)Ljava/lang/AbstractStringBuilder; @ 10
Event: 415.278 Thread 0x000000000228f000 Uncommon trap: reason=class_check action=maybe_recompile pc=0x0000000002afe2ec method=java.lang.AbstractStringBuilder.append(Ljava/lang/CharSequence;)Ljava/lang/AbstractStringBuilder; @ 10
Event: 415.279 Thread 0x000000000228f000 Uncommon trap: reason=class_check action=maybe_recompile pc=0x0000000002c1c448 method=java.util.regex.Pattern$CharProperty.match(Ljava/util/regex/Matcher;ILjava/lang/CharSequence;)Z @ 18
Event: 415.279 Thread 0x000000000228f000 Uncommon trap: reason=class_check action=maybe_recompile pc=0x0000000002c1c448 method=java.util.regex.Pattern$CharProperty.match(Ljava/util/regex/Matcher;ILjava/lang/CharSequence;)Z @ 18
Event: 415.279 Thread 0x000000000228f000 Uncommon trap: reason=class_check action=maybe_recompile pc=0x0000000002c1c448 method=java.util.regex.Pattern$CharProperty.match(Ljava/util/regex/Matcher;ILjava/lang/CharSequence;)Z @ 18
Event: 415.279 Thread 0x000000000228f000 Uncommon trap: reason=class_check action=maybe_recompile pc=0x0000000002c1c448 method=java.util.regex.Pattern$CharProperty.match(Ljava/util/regex/Matcher;ILjava/lang/CharSequence;)Z @ 18
Event: 415.279 Thread 0x000000000228f000 Uncommon trap: reason=unstable_if action=reinterpret pc=0x0000000002bd84dc method=java.util.regex.Pattern$BitClass.isSatisfiedBy(I)Z @ 13
Event: 415.294 Thread 0x000000000228f000 Uncommon trap: reason=unstable_if action=reinterpret pc=0x00000000026ed888 method=java.util.concurrent.ConcurrentHashMap.containsKey(Ljava/lang/Object;)Z @ 5
Event: 415.295 Thread 0x000000000228f000 Uncommon trap: reason=unstable_if action=reinterpret pc=0x0000000002d2b720 method=java.io.DataInputStream.readUTF(Ljava/io/DataInput;)Ljava/lang/String; @ 31

Internal exceptions (10 events):
Event: 413.066 Thread 0x00000000576c2800 Exception <a 'java/net/SocketTimeoutException': Read timed out> (0x00000000ec15daa0) thrown at [C:\re\workspace\8-2-build-windows-amd64-cygwin\jdk8u144\9417\hotspot\src\share\vm\prims\jni.cpp, line 735]
Event: 413.085 Thread 0x00000000576c2800 Exception <a 'java/net/SocketTimeoutException': Read timed out> (0x00000000ec169440) thrown at [C:\re\workspace\8-2-build-windows-amd64-cygwin\jdk8u144\9417\hotspot\src\share\vm\prims\jni.cpp, line 735]
Event: 413.108 Thread 0x00000000576c2800 Exception <a 'java/net/SocketTimeoutException': Read timed out> (0x00000000ec176ea8) thrown at [C:\re\workspace\8-2-build-windows-amd64-cygwin\jdk8u144\9417\hotspot\src\share\vm\prims\jni.cpp, line 735]
Event: 413.125 Thread 0x00000000576c2800 Exception <a 'java/net/SocketTimeoutException': Read timed out> (0x00000000ec183830) thrown at [C:\re\workspace\8-2-build-windows-amd64-cygwin\jdk8u144\9417\hotspot\src\share\vm\prims\jni.cpp, line 735]
Event: 413.138 Thread 0x00000000576c2800 Exception <a 'java/net/SocketTimeoutException': Read timed out> (0x00000000ec18f468) thrown at [C:\re\workspace\8-2-build-windows-amd64-cygwin\jdk8u144\9417\hotspot\src\share\vm\prims\jni.cpp, line 735]
Event: 414.147 Thread 0x00000000576c2800 Exception <a 'java/net/SocketTimeoutException': Read timed out> (0x00000000ec19c018) thrown at [C:\re\workspace\8-2-build-windows-amd64-cygwin\jdk8u144\9417\hotspot\src\share\vm\prims\jni.cpp, line 735]
Event: 414.168 Thread 0x00000000576c2800 Exception <a 'java/net/SocketTimeoutException': Read timed out> (0x00000000ec1a6b90) thrown at [C:\re\workspace\8-2-build-windows-amd64-cygwin\jdk8u144\9417\hotspot\src\share\vm\prims\jni.cpp, line 735]
Event: 415.179 Thread 0x00000000576c2800 Exception <a 'java/net/SocketTimeoutException': Read timed out> (0x00000000ec1b2418) thrown at [C:\re\workspace\8-2-build-windows-amd64-cygwin\jdk8u144\9417\hotspot\src\share\vm\prims\jni.cpp, line 735]
Event: 415.203 Thread 0x00000000576c2800 Exception <a 'java/net/SocketTimeoutException': Read timed out> (0x00000000ec1bf9b0) thrown at [C:\re\workspace\8-2-build-windows-amd64-cygwin\jdk8u144\9417\hotspot\src\share\vm\prims\jni.cpp, line 735]
Event: 415.246 Thread 0x00000000576c2800 Exception <a 'java/lang/reflect/InvocationTargetException'> (0x00000000ec1e0a70) thrown at [C:\re\workspace\8-2-build-windows-amd64-cygwin\jdk8u144\9417\hotspot\src\share\vm\runtime\reflection.cpp, line 1092]

Events (10 events):
Event: 415.361 Thread 0x000000005616a000 flushing nmethod 0x00000000026f3a50
Event: 415.362 loading class org/testng/util/Strings
Event: 415.362 loading class org/testng/util/Strings done
Event: 415.362 Thread 0x000000005616a000 flushing nmethod 0x0000000002873dd0
Event: 415.362 Thread 0x000000005616a000 flushing nmethod 0x00000000028b7d50
Event: 415.362 Thread 0x000000005616a000 flushing nmethod 0x00000000028d6a90
Event: 415.379 loading class org/testng/reporters/SuiteHTMLReporter$1
Event: 415.379 loading class org/testng/reporters/SuiteHTMLReporter$1 done
Event: 415.392 loading class org/testng/reporters/jq/Model
Event: 415.392 loading class org/testng/reporters/jq/Model done


Dynamic libraries:
0x000000013f440000 - 0x000000013f477000 	C:\Program Files\Java\jdk1.8.0_144\bin\javaw.exe
0x0000000077270000 - 0x000000007740f000 	C:\Windows\SYSTEM32\ntdll.dll
0x0000000077150000 - 0x000000007726f000 	C:\Windows\system32\kernel32.dll
0x000007fefcec0000 - 0x000007fefcf2a000 	C:\Windows\system32\KERNELBASE.dll
0x000007fefde40000 - 0x000007fefdf1b000 	C:\Windows\system32\ADVAPI32.dll
0x000007fefdad0000 - 0x000007fefdb6f000 	C:\Windows\system32\msvcrt.dll
0x000007fefd540000 - 0x000007fefd55f000 	C:\Windows\SYSTEM32\sechost.dll
0x000007fefd9a0000 - 0x000007fefdacd000 	C:\Windows\system32\RPCRT4.dll
0x0000000077050000 - 0x000000007714a000 	C:\Windows\system32\USER32.dll
0x000007fefdb70000 - 0x000007fefdbd7000 	C:\Windows\system32\GDI32.dll
0x000007fefed80000 - 0x000007fefed8e000 	C:\Windows\system32\LPK.dll
0x000007fefecb0000 - 0x000007fefed7b000 	C:\Windows\system32\USP10.dll
0x000007fefb740000 - 0x000007fefb934000 	C:\Windows\WinSxS\amd64_microsoft.windows.common-controls_6595b64144ccf1df_6.0.7601.18837_none_fa3b1e3d17594757\COMCTL32.dll
0x000007fefdd60000 - 0x000007fefddd1000 	C:\Windows\system32\SHLWAPI.dll
0x000007feff3a0000 - 0x000007feff3ce000 	C:\Windows\system32\IMM32.DLL
0x000007fefd890000 - 0x000007fefd999000 	C:\Windows\system32\MSCTF.dll
0x000000006eb20000 - 0x000000006ebf2000 	C:\Program Files\Java\jdk1.8.0_144\jre\bin\msvcr100.dll
0x000000006f9d0000 - 0x000000007026d000 	C:\Program Files\Java\jdk1.8.0_144\jre\bin\server\jvm.dll
0x000007fef9540000 - 0x000007fef9549000 	C:\Windows\system32\WSOCK32.dll
0x000007fefef70000 - 0x000007fefefbd000 	C:\Windows\system32\WS2_32.dll
0x000007fefd170000 - 0x000007fefd178000 	C:\Windows\system32\NSI.dll
0x000007fefcdf0000 - 0x000007fefce2b000 	C:\Windows\system32\WINMM.dll
0x000007fefbe00000 - 0x000007fefbe0c000 	C:\Windows\system32\VERSION.dll
0x0000000077410000 - 0x0000000077417000 	C:\Windows\system32\PSAPI.DLL
0x000000006f9c0000 - 0x000000006f9cf000 	C:\Program Files\Java\jdk1.8.0_144\jre\bin\verify.dll
0x000000006f990000 - 0x000000006f9b9000 	C:\Program Files\Java\jdk1.8.0_144\jre\bin\java.dll
0x0000000180000000 - 0x0000000180031000 	C:\Windows\system32\jvmhook.dll
0x000007fefd340000 - 0x000007fefd53f000 	C:\Windows\system32\ole32.dll
0x000007fefdbe0000 - 0x000007fefdcba000 	C:\Windows\system32\OLEAUT32.dll
0x000007fef5370000 - 0x000007fef53a1000 	C:\Windows\system32\atl110.DLL
0x000007fef5110000 - 0x000007fef51b7000 	C:\Windows\system32\MSVCP110.dll
0x000007fef4f90000 - 0x000007fef5064000 	C:\Windows\system32\MSVCR110.dll
0x000000006f620000 - 0x000000006f636000 	C:\Program Files\Java\jdk1.8.0_144\jre\bin\zip.dll
0x000007fefdf20000 - 0x000007fefecaa000 	C:\Windows\system32\SHELL32.dll
0x000007fefcd10000 - 0x000007fefcd1f000 	C:\Windows\system32\profapi.dll
0x000000006f600000 - 0x000000006f61a000 	C:\Program Files\Java\jdk1.8.0_144\jre\bin\net.dll
0x000007fefc460000 - 0x000007fefc4b5000 	C:\Windows\system32\mswsock.dll
0x000007fefc450000 - 0x000007fefc457000 	C:\Windows\System32\wship6.dll
0x000007fefbed0000 - 0x000007fefbed7000 	C:\Windows\System32\wshtcpip.dll
0x000007fefc2e0000 - 0x000007fefc33b000 	C:\Windows\system32\DNSAPI.dll
0x000007fefab50000 - 0x000007fefab77000 	C:\Windows\system32\IPHLPAPI.DLL
0x000007fefa9d0000 - 0x000007fefa9db000 	C:\Windows\system32\WINNSI.DLL
0x000007fef95e0000 - 0x000007fef95f1000 	C:\Windows\system32\dhcpcsvc6.DLL
0x000007fefa460000 - 0x000007fefa478000 	C:\Windows\system32\dhcpcsvc.DLL
0x000007fef9330000 - 0x000007fef9338000 	C:\Windows\system32\rasadhlp.dll
0x000007fef9ac0000 - 0x000007fef9b13000 	C:\Windows\System32\fwpuclnt.dll
0x000007fefc4c0000 - 0x000007fefc4d7000 	C:\Windows\system32\CRYPTSP.dll
0x000007fefc1c0000 - 0x000007fefc207000 	C:\Windows\system32\rsaenh.dll
0x000007fefcea0000 - 0x000007fefcebe000 	C:\Windows\system32\USERENV.dll
0x000007fefcb70000 - 0x000007fefcb7f000 	C:\Windows\system32\CRYPTBASE.dll
0x000000006f5e0000 - 0x000000006f5f1000 	C:\Program Files\Java\jdk1.8.0_144\jre\bin\nio.dll
0x000007fef6160000 - 0x000007fef6198000 	F:\yulei_Java_demo\iplatform_Auto\lib\AutoIt\jacob-1.19-x64.dll
0x000007fefd2a0000 - 0x000007fefd339000 	C:\Windows\system32\CLBCatQ.DLL
0x000007fefcc20000 - 0x000007fefcc34000 	C:\Windows\system32\RpcRtRemote.dll
0x0000000055f60000 - 0x0000000056029000 	C:\Program Files (x86)\kingsoft\kingsoft antivirus\kwsui64.dll
0x000000006f4b0000 - 0x000000006f4d4000 	C:\Program Files\Java\jdk1.8.0_144\jre\bin\sunec.dll
0x000007fefcb10000 - 0x000007fefcb67000 	C:\Windows\system32\apphelp.dll
0x000007fefcb80000 - 0x000007fefcc11000 	C:\Windows\system32\SXS.DLL
0x000007fefafd0000 - 0x000007fefafe5000 	C:\Windows\system32\NLAapi.dll
0x000007fef8700000 - 0x000007fef8715000 	C:\Windows\system32\napinsp.dll
0x000007fef8bf0000 - 0x000007fef8c09000 	C:\Windows\system32\pnrpnsp.dll
0x000007fef8680000 - 0x000007fef868b000 	C:\Windows\System32\winrnr.dll
0x000007fef8c80000 - 0x000007fef8da5000 	C:\Windows\system32\dbghelp.dll

VM Arguments:
jvm_args: -agentlib:jvmhook -ea -Dfile.encoding=GBK -Xrunjvmhook -Xbootclasspath/a:C:\Program Files (x86)\HP\Unified Functional Testing\bin\java_shared\classes;C:\Program Files (x86)\HP\Unified Functional Testing\\bin\java_shared\classes\jasmine.jar 
java_command: org.testng.remote.RemoteTestNG -serport 55465 -protocol json -d F:\yulei_Java_demo\iplatform_Auto\test-output C:\Users\yulei\AppData\Local\Temp\testng-eclipse--890438581\testng-customsuite.xml
java_class_path (initial): D:\Program Files\eclipse\configuration\org.eclipse.osgi\499\0\.cp\lib\testng-remote.jar;F:\yulei_Java_demo\iplatform_Auto\bin;F:\yulei_Java_demo\com.iplatform\lib\dom4j-1.6.1.jar;F:\yulei_Java_demo\com.iplatform\lib\dom4j-1.6.1-hudson-3.jar;F:\yulei_Java_demo\com.iplatform\lib\dom4j-1.6.1-hudson-3-sources.jar;F:\yulei_Java_demo\com.iplatform\lib\jxl-2.6.12.jar;F:\yulei_Java_demo\com.iplatform\lib\jxl-2.6.12-sources.jar;F:\yulei_Java_demo\iplatform_Auto\lib\AutoIt\AutoItX4Java.jar;F:\yulei_Java_demo\iplatform_Auto\lib\AutoIt\jacob.jar;F:\yulei_Java_demo\iplatform_Auto\lib\commons-net-3.6.jar;F:\yulei_Java_demo\iplatform_Auto\lib\ashot-1.5.4.jar;F:\yulei_Java_demo\iplatform_Auto\lib\gson-2.6.2.jar;F:\yulei_Java_demo\iplatform_Auto\lib\hamcrest-core-1.3.jar;F:\yulei_Java_demo\iplatform_Auto\lib\selenium-java-2.53.0.jar;F:\yulei_Java_demo\iplatform_Auto\lib\selenium-java-2.53.0-srcs.jar;F:\yulei_Java_demo\iplatform_Auto\lib\selenium-server-standalone-2.53.0.jar
Launcher Type: SUN_STANDARD

Environment Variables:
JAVA_HOME=C:\Program Files\Java\jdk1.8.0_144
JAVA_TOOL_OPTIONS=-agentlib:jvmhook
_JAVA_OPTIONS=-Xrunjvmhook -Xbootclasspath/a:"C:\Program Files (x86)\HP\Unified Functional Testing\bin\java_shared\classes";"C:\Program Files (x86)\HP\Unified Functional Testing\\bin\java_shared\classes\jasmine.jar"
CLASSPATH=.;C:\Program Files\Java\jdk1.8.0_144\lib\dt.jar;C:\Program Files\Java\jdk1.8.0_144\lib\tools.jar;
PATH=C:/Program Files/Java/jdk1.8.0_144/bin/../jre/bin/server;C:/Program Files/Java/jdk1.8.0_144/bin/../jre/bin;C:/Program Files/Java/jdk1.8.0_144/bin/../jre/lib/amd64;D:\app\yulei\product\11.2.0\client_4;D:\app\yulei\product\11.2.0\client_3;D:\app\yulei\product\11.2.0\client_1;D:\app\yulei\product\11.2.0\client_2;C:\Program Files\Java\jdk1.8.0_144\bin;C:\Program Files\Java\jdk1.8.0_144\jre\bin;C:\Program Files (x86)\Common Files\NetSarang;C:\Windows\system32;C:\Windows;C:\Windows\System32\Wbem;C:\Windows\System32\WindowsPowerShell\v1.0\;C:\Program Files (x86)\Microsoft SQL Server\90\Tools\binn\;C:\Program Files (x86)\HP\Unified Functional Testing\bin;C:\WebDriver;C:\Program Files (x86)\Python37-32;C:\Program Files\Git\cmd;C:\Program Files (x86)\Skype\Phone\;D:\Program Files\eclipse;;C:\Program Files (x86)\HP\Unified Functional Testing\\bin64
USERNAME=yulei
OS=Windows_NT
PROCESSOR_IDENTIFIER=Intel64 Family 6 Model 42 Stepping 7, GenuineIntel



---------------  S Y S T E M  ---------------

OS: Windows 7 , 64 bit Build 7601 (6.1.7601.24335)

CPU:total 4 (initial active 4) (2 cores per cpu, 2 threads per core) family 6 model 42 stepping 7, cmov, cx8, fxsr, mmx, sse, sse2, sse3, ssse3, sse4.1, sse4.2, popcnt, avx, clmul, ht, tsc, tscinvbit

Memory: 4k page, physical 4072508k(959984k free), swap 12370184k(7847388k free)

vm_info: Java HotSpot(TM) 64-Bit Server VM (25.144-b01) for windows-amd64 JRE (1.8.0_144-b01), built on Jul 21 2017 21:57:33 by "java_re" with MS VC++ 10.0 (VS2010)

time: Tue Mar 23 02:49:34 2021
elapsed time: 415 seconds (0d 0h 6m 55s)

