#
# A fatal error has been detected by the Java Runtime Environment:
#
#  EXCEPTION_ACCESS_VIOLATION (0xc0000005) at pc=0x000007fefd380cc2, pid=7824, tid=0x0000000000001240
#
# JRE version: Java(TM) SE Runtime Environment (8.0_144-b01) (build 1.8.0_144-b01)
# Java VM: Java HotSpot(TM) 64-Bit Server VM (25.144-b01 mixed mode windows-amd64 compressed oops)
# Problematic frame:
# C  [ole32.dll+0x40cc2]
#
# Failed to write core dump. Minidumps are not enabled by default on client versions of Windows
#
# If you would like to submit a bug report, please visit:
#   http://bugreport.java.com/bugreport/crash.jsp
# The crash happened outside the Java Virtual Machine in native code.
# See problematic frame for where to report the bug.
#

---------------  T H R E A D  ---------------

Current thread (0x0000000054d5e800):  JavaThread "Finalizer" daemon [_thread_in_native, id=4672, stack(0x0000000055f70000,0x0000000056070000)]

siginfo: ExceptionCode=0xc0000005, reading address 0x00000000002700d0

Registers:
RAX=0x000007fefd4e4fd0, RBX=0x00000000002700b0, RCX=0x0000000000000000, RDX=0x0000000000100009
RSP=0x000000005606ea70, RBP=0x000000005606ec00, RSI=0x000000000026ffd0, RDI=0x0000000000280b68
R8 =0x0000000000000d44, R9 =0x000007fefd4c5428, R10=0x0000000000280c88, R11=0x0000000000000001
R12=0x0000000000000001, R13=0x0000000054b32ff0, R14=0x0000000000000000, R15=0x000007fefd4e5018
RIP=0x000007fefd380cc2, EFLAGS=0x0000000000010202

Top of Stack: (sp=0x000000005606ea70)
0x000000005606ea70:   0000000054b32ff0 0000000000000000
0x000000005606ea80:   0000000000000001 000007fefd35f888
0x000000005606ea90:   000000005606ec20 0000000054b32ff0
0x000000005606eaa0:   0000000000000001 0000000000280b60
0x000000005606eab0:   0000000000000000 000007fefd3641f8
0x000000005606eac0:   0000000054d5e800 0000000000280b68
0x000000005606ead0:   000000005606ec00 0000000000000001
0x000000005606eae0:   0000000000263630 000007fefd380498
0x000000005606eaf0:   0000000000000000 0000000000263630
0x000000005606eb00:   000000005606ec00 0000000000000000
0x000000005606eb10:   0000000000000000 000000005606ec20
0x000000005606eb20:   0000000000000042 000007fefd36419b
0x000000005606eb30:   0000000000263630 0000000000280b60
0x000000005606eb40:   000000005606ec00 000000005606ec20
0x000000005606eb50:   000000005606ec20 000007fefab92510
0x000000005606eb60:   0000000080000000 0000000000263630 

Instructions: (pc=0x000007fefd380cc2)
0x000007fefd380ca2:   ff 48 8b 59 10 45 33 f6 48 8b f9 48 85 db 0f 84
0x000007fefd380cb2:   bb fe 01 00 4c 89 7c 24 50 4c 8d 3d 56 43 16 00
0x000007fefd380cc2:   48 8b 4b 20 81 4b 08 82 00 00 00 48 85 c9 0f 85
0x000007fefd380cd2:   64 94 fe ff 48 8b f3 48 8b 1b 48 85 db 75 e1 4c 


Register to memory mapping:

RAX=0x000007fefd4e4fd0 is an unknown value
RBX=0x00000000002700b0 is an unknown value
RCX=0x0000000000000000 is an unknown value
RDX=0x0000000000100009 is an unknown value
RSP=0x000000005606ea70 is pointing into the stack for thread: 0x0000000054d5e800
RBP=0x000000005606ec00 is pointing into the stack for thread: 0x0000000054d5e800
RSI=0x000000000026ffd0 is an unknown value
RDI=0x0000000000280b68 is an unknown value
R8 =0x0000000000000d44 is an unknown value
R9 =0x000007fefd4c5428 is an unknown value
R10=0x0000000000280c88 is an unknown value
R11=0x0000000000000001 is an unknown value
R12=0x0000000000000001 is an unknown value
R13={method} {0x0000000054b32ff8} 'release' '()V' in 'com/jacob/com/Dispatch'
R14=0x0000000000000000 is an unknown value
R15=0x000007fefd4e5018 is an unknown value


Stack: [0x0000000055f70000,0x0000000056070000],  sp=0x000000005606ea70,  free space=1018k
Native frames: (J=compiled Java code, j=interpreted, Vv=VM code, C=native code)
C  [ole32.dll+0x40cc2]
C  [ole32.dll+0x241f8]
C  [ole32.dll+0x40498]
C  [ole32.dll+0x2419b]
C  [jacob-1.19-x64.dll+0x2510]
C  0x0000000002547f54

Java frames: (J=compiled Java code, j=interpreted, Vv=VM code)
j  com.jacob.com.Dispatch.release()V+0
j  com.jacob.com.Dispatch.safeRelease()V+12
j  com.jacob.com.Dispatch.finalize()V+1
j  com.jacob.activeX.ActiveXComponent.finalize()V+1
J 666 C1 java.lang.ref.Finalizer.runFinalizer(Lsun/misc/JavaLangAccess;)V (62 bytes) @ 0x00000000027c31ac [0x00000000027c2c40+0x56c]
J 665 C1 java.lang.ref.Finalizer.access$100(Ljava/lang/ref/Finalizer;Lsun/misc/JavaLangAccess;)V (6 bytes) @ 0x00000000027c28dc [0x00000000027c2880+0x5c]
j  java.lang.ref.Finalizer$FinalizerThread.run()V+45
v  ~StubRoutines::call_stub

---------------  P R O C E S S  ---------------

Java Threads: ( => current thread )
  0x00000000560ba800 JavaThread "Exec Stream Pumper" daemon [_thread_in_native, id=7460, stack(0x0000000059d80000,0x0000000059e80000)]
  0x0000000057ace800 JavaThread "Exec Stream Pumper" daemon [_thread_in_native, id=7516, stack(0x0000000059bd0000,0x0000000059cd0000)]
  0x0000000057a2b000 JavaThread "Exec Default Executor" daemon [_thread_in_native, id=1200, stack(0x0000000059910000,0x0000000059a10000)]
  0x00000000560e8800 JavaThread "Service Thread" daemon [_thread_blocked, id=7952, stack(0x0000000056c70000,0x0000000056d70000)]
  0x0000000056095000 JavaThread "C1 CompilerThread2" daemon [_thread_blocked, id=7964, stack(0x0000000056aa0000,0x0000000056ba0000)]
  0x0000000056090000 JavaThread "C2 CompilerThread1" daemon [_thread_blocked, id=3472, stack(0x00000000567f0000,0x00000000568f0000)]
  0x000000005608e000 JavaThread "C2 CompilerThread0" daemon [_thread_blocked, id=5584, stack(0x00000000565f0000,0x00000000566f0000)]
  0x0000000056079000 JavaThread "Attach Listener" daemon [_thread_blocked, id=7660, stack(0x0000000056470000,0x0000000056570000)]
  0x0000000056078800 JavaThread "Signal Dispatcher" daemon [_thread_blocked, id=7408, stack(0x0000000055e50000,0x0000000055f50000)]
=>0x0000000054d5e800 JavaThread "Finalizer" daemon [_thread_in_native, id=4672, stack(0x0000000055f70000,0x0000000056070000)]
  0x0000000054d15800 JavaThread "Reference Handler" daemon [_thread_blocked, id=7144, stack(0x0000000055b50000,0x0000000055c50000)]
  0x00000000021cf000 JavaThread "main" [_thread_in_native, id=6544, stack(0x0000000002430000,0x0000000002530000)]

Other Threads:
  0x0000000054d10000 VMThread [stack: 0x0000000055ce0000,0x0000000055de0000] [id=848]
  0x0000000056156800 WatcherThread [stack: 0x0000000056dd0000,0x0000000056ed0000] [id=5760]

VM state:not at safepoint (normal execution)

VM Mutex/Monitor currently owned by a thread: None

Heap:
 PSYoungGen      total 18944K, used 3785K [0x00000000eb400000, 0x00000000ec900000, 0x0000000100000000)
  eden space 16384K, 7% used [0x00000000eb400000,0x00000000eb538650,0x00000000ec400000)
  from space 2560K, 99% used [0x00000000ec680000,0x00000000ec8fa080,0x00000000ec900000)
  to   space 2560K, 0% used [0x00000000ec400000,0x00000000ec400000,0x00000000ec680000)
 ParOldGen       total 44032K, used 7996K [0x00000000c1c00000, 0x00000000c4700000, 0x00000000eb400000)
  object space 44032K, 18% used [0x00000000c1c00000,0x00000000c23cf350,0x00000000c4700000)
 Metaspace       used 17442K, capacity 17682K, committed 17792K, reserved 1064960K
  class space    used 2054K, capacity 2155K, committed 2176K, reserved 1048576K

Card table byte_map: [0x00000000118f0000,0x0000000011af0000] byte_map_base: 0x00000000112e2000

Marking Bits: (ParMarkBitMap*) 0x00000000701ed850
 Begin Bits: [0x0000000012260000, 0x00000000131f0000)
 End Bits:   [0x00000000131f0000, 0x0000000014180000)

Polling page: 0x0000000001c30000

CodeCache: size=245760Kb used=6284Kb max_used=6284Kb free=239475Kb
 bounds [0x0000000002530000, 0x0000000002b60000, 0x0000000011530000]
 total_blobs=2402 nmethods=1982 adapters=332
 compilation: enabled

Compilation events (10 events):
Event: 145.523 Thread 0x0000000056095000 1995       1       java.util.Hashtable::access$400 (5 bytes)
Event: 145.523 Thread 0x0000000056095000 nmethod 1995 0x000000000265ff10 code [0x0000000002660060, 0x0000000002660150]
Event: 145.524 Thread 0x0000000056095000 1996       3       java.util.regex.Pattern::range (279 bytes)
Event: 145.526 Thread 0x0000000056095000 nmethod 1996 0x0000000002b50e90 code [0x0000000002b51340, 0x0000000002b53be8]
Event: 145.526 Thread 0x0000000056095000 1998       3       java.text.StringCharacterIterator::<init> (87 bytes)
Event: 145.526 Thread 0x0000000056095000 nmethod 1998 0x0000000002b50410 code [0x0000000002b505c0, 0x0000000002b50be8]
Event: 145.526 Thread 0x0000000056095000 1997       1       org.testng.internal.ConstructorOrMethod::getConstructor (5 bytes)
Event: 145.527 Thread 0x0000000056095000 nmethod 1997 0x0000000002655f10 code [0x0000000002656060, 0x0000000002656170]
Event: 145.527 Thread 0x0000000056095000 1999       1       org.testng.internal.BaseTestMethod::getMethodName (5 bytes)
Event: 145.527 Thread 0x0000000056095000 nmethod 1999 0x0000000002666dd0 code [0x0000000002666f20, 0x0000000002667030]

GC Heap History (8 events):
Event: 2.611 GC heap before
{Heap before GC invocations=1 (full 0):
 PSYoungGen      total 18944K, used 16384K [0x00000000eb400000, 0x00000000ec900000, 0x0000000100000000)
  eden space 16384K, 100% used [0x00000000eb400000,0x00000000ec400000,0x00000000ec400000)
  from space 2560K, 0% used [0x00000000ec680000,0x00000000ec680000,0x00000000ec900000)
  to   space 2560K, 0% used [0x00000000ec400000,0x00000000ec400000,0x00000000ec680000)
 ParOldGen       total 44032K, used 0K [0x00000000c1c00000, 0x00000000c4700000, 0x00000000eb400000)
  object space 44032K, 0% used [0x00000000c1c00000,0x00000000c1c00000,0x00000000c4700000)
 Metaspace       used 8695K, capacity 8784K, committed 8960K, reserved 1056768K
  class space    used 971K, capacity 1010K, committed 1024K, reserved 1048576K
Event: 2.662 GC heap after
Heap after GC invocations=1 (full 0):
 PSYoungGen      total 18944K, used 2539K [0x00000000eb400000, 0x00000000ec900000, 0x0000000100000000)
  eden space 16384K, 0% used [0x00000000eb400000,0x00000000eb400000,0x00000000ec400000)
  from space 2560K, 99% used [0x00000000ec400000,0x00000000ec67afd8,0x00000000ec680000)
  to   space 2560K, 0% used [0x00000000ec680000,0x00000000ec680000,0x00000000ec900000)
 ParOldGen       total 44032K, used 1106K [0x00000000c1c00000, 0x00000000c4700000, 0x00000000eb400000)
  object space 44032K, 2% used [0x00000000c1c00000,0x00000000c1d14aa8,0x00000000c4700000)
 Metaspace       used 8695K, capacity 8784K, committed 8960K, reserved 1056768K
  class space    used 971K, capacity 1010K, committed 1024K, reserved 1048576K
}
Event: 3.998 GC heap before
{Heap before GC invocations=2 (full 0):
 PSYoungGen      total 18944K, used 18923K [0x00000000eb400000, 0x00000000ec900000, 0x0000000100000000)
  eden space 16384K, 100% used [0x00000000eb400000,0x00000000ec400000,0x00000000ec400000)
  from space 2560K, 99% used [0x00000000ec400000,0x00000000ec67afd8,0x00000000ec680000)
  to   space 2560K, 0% used [0x00000000ec680000,0x00000000ec680000,0x00000000ec900000)
 ParOldGen       total 44032K, used 1106K [0x00000000c1c00000, 0x00000000c4700000, 0x00000000eb400000)
  object space 44032K, 2% used [0x00000000c1c00000,0x00000000c1d14aa8,0x00000000c4700000)
 Metaspace       used 12697K, capacity 12958K, committed 13184K, reserved 1060864K
  class space    used 1450K, capacity 1543K, committed 1664K, reserved 1048576K
Event: 4.004 GC heap after
Heap after GC invocations=2 (full 0):
 PSYoungGen      total 18944K, used 2552K [0x00000000eb400000, 0x00000000ec900000, 0x0000000100000000)
  eden space 16384K, 0% used [0x00000000eb400000,0x00000000eb400000,0x00000000ec400000)
  from space 2560K, 99% used [0x00000000ec680000,0x00000000ec8fe040,0x00000000ec900000)
  to   space 2560K, 0% used [0x00000000ec400000,0x00000000ec400000,0x00000000ec680000)
 ParOldGen       total 44032K, used 3042K [0x00000000c1c00000, 0x00000000c4700000, 0x00000000eb400000)
  object space 44032K, 6% used [0x00000000c1c00000,0x00000000c1ef8af8,0x00000000c4700000)
 Metaspace       used 12697K, capacity 12958K, committed 13184K, reserved 1060864K
  class space    used 1450K, capacity 1543K, committed 1664K, reserved 1048576K
}
Event: 6.945 GC heap before
{Heap before GC invocations=3 (full 0):
 PSYoungGen      total 18944K, used 18936K [0x00000000eb400000, 0x00000000ec900000, 0x0000000100000000)
  eden space 16384K, 100% used [0x00000000eb400000,0x00000000ec400000,0x00000000ec400000)
  from space 2560K, 99% used [0x00000000ec680000,0x00000000ec8fe040,0x00000000ec900000)
  to   space 2560K, 0% used [0x00000000ec400000,0x00000000ec400000,0x00000000ec680000)
 ParOldGen       total 44032K, used 3042K [0x00000000c1c00000, 0x00000000c4700000, 0x00000000eb400000)
  object space 44032K, 6% used [0x00000000c1c00000,0x00000000c1ef8af8,0x00000000c4700000)
 Metaspace       used 15204K, capacity 15468K, committed 15872K, reserved 1062912K
  class space    used 1833K, capacity 1930K, committed 2048K, reserved 1048576K
Event: 6.952 GC heap after
Heap after GC invocations=3 (full 0):
 PSYoungGen      total 18944K, used 2536K [0x00000000eb400000, 0x00000000ec900000, 0x0000000100000000)
  eden space 16384K, 0% used [0x00000000eb400000,0x00000000eb400000,0x00000000ec400000)
  from space 2560K, 99% used [0x00000000ec400000,0x00000000ec67a060,0x00000000ec680000)
  to   space 2560K, 0% used [0x00000000ec680000,0x00000000ec680000,0x00000000ec900000)
 ParOldGen       total 44032K, used 6274K [0x00000000c1c00000, 0x00000000c4700000, 0x00000000eb400000)
  object space 44032K, 14% used [0x00000000c1c00000,0x00000000c2220858,0x00000000c4700000)
 Metaspace       used 15204K, capacity 15468K, committed 15872K, reserved 1062912K
  class space    used 1833K, capacity 1930K, committed 2048K, reserved 1048576K
}
Event: 145.509 GC heap before
{Heap before GC invocations=4 (full 0):
 PSYoungGen      total 18944K, used 18920K [0x00000000eb400000, 0x00000000ec900000, 0x0000000100000000)
  eden space 16384K, 100% used [0x00000000eb400000,0x00000000ec400000,0x00000000ec400000)
  from space 2560K, 99% used [0x00000000ec400000,0x00000000ec67a060,0x00000000ec680000)
  to   space 2560K, 0% used [0x00000000ec680000,0x00000000ec680000,0x00000000ec900000)
 ParOldGen       total 44032K, used 6274K [0x00000000c1c00000, 0x00000000c4700000, 0x00000000eb400000)
  object space 44032K, 14% used [0x00000000c1c00000,0x00000000c2220858,0x00000000c4700000)
 Metaspace       used 17409K, capacity 17682K, committed 17792K, reserved 1064960K
  class space    used 2050K, capacity 2155K, committed 2176K, reserved 1048576K
Event: 145.515 GC heap after
Heap after GC invocations=4 (full 0):
 PSYoungGen      total 18944K, used 2536K [0x00000000eb400000, 0x00000000ec900000, 0x0000000100000000)
  eden space 16384K, 0% used [0x00000000eb400000,0x00000000eb400000,0x00000000ec400000)
  from space 2560K, 99% used [0x00000000ec680000,0x00000000ec8fa080,0x00000000ec900000)
  to   space 2560K, 0% used [0x00000000ec400000,0x00000000ec400000,0x00000000ec680000)
 ParOldGen       total 44032K, used 7996K [0x00000000c1c00000, 0x00000000c4700000, 0x00000000eb400000)
  object space 44032K, 18% used [0x00000000c1c00000,0x00000000c23cf350,0x00000000c4700000)
 Metaspace       used 17409K, capacity 17682K, committed 17792K, reserved 1064960K
  class space    used 2050K, capacity 2155K, committed 2176K, reserved 1048576K
}

Deoptimization events (10 events):
Event: 4.373 Thread 0x0000000057ad0000 Uncommon trap: reason=unstable_if action=reinterpret pc=0x0000000002915148 method=java.util.concurrent.ConcurrentHashMap.addCount(JI)V @ 121
Event: 6.918 Thread 0x0000000057940000 Uncommon trap: reason=unstable_if action=reinterpret pc=0x0000000002836fd8 method=java.util.regex.Pattern$BmpCharProperty.match(Ljava/util/regex/Matcher;ILjava/lang/CharSequence;)Z @ 34
Event: 7.028 Thread 0x0000000057940000 Uncommon trap: reason=unstable_if action=reinterpret pc=0x0000000002927fc4 method=java.util.concurrent.ConcurrentHashMap.putVal(Ljava/lang/Object;Ljava/lang/Object;Z)Ljava/lang/Object; @ 206
Event: 144.961 Thread 0x00000000021cf000 Uncommon trap: reason=unstable_if action=reinterpret pc=0x00000000029e1fc8 method=java.lang.Character.isHighSurrogate(C)Z @ 3
Event: 144.961 Thread 0x00000000021cf000 Uncommon trap: reason=unstable_if action=reinterpret pc=0x00000000027a8c68 method=java.lang.Character.isHighSurrogate(C)Z @ 3
Event: 144.964 Thread 0x00000000021cf000 Uncommon trap: reason=class_check action=maybe_recompile pc=0x00000000028379a4 method=java.util.regex.Pattern$Curly.match(Ljava/util/regex/Matcher;ILjava/lang/CharSequence;)Z @ 19
Event: 144.964 Thread 0x00000000021cf000 Uncommon trap: reason=class_check action=maybe_recompile pc=0x00000000028379a4 method=java.util.regex.Pattern$Curly.match(Ljava/util/regex/Matcher;ILjava/lang/CharSequence;)Z @ 19
Event: 144.964 Thread 0x00000000021cf000 Uncommon trap: reason=class_check action=maybe_recompile pc=0x00000000028379a4 method=java.util.regex.Pattern$Curly.match(Ljava/util/regex/Matcher;ILjava/lang/CharSequence;)Z @ 19
Event: 144.964 Thread 0x00000000021cf000 Uncommon trap: reason=class_check action=maybe_recompile pc=0x00000000028379a4 method=java.util.regex.Pattern$Curly.match(Ljava/util/regex/Matcher;ILjava/lang/CharSequence;)Z @ 19
Event: 145.054 Thread 0x00000000021cf000 Uncommon trap: reason=unstable_if action=reinterpret pc=0x0000000002792888 method=java.util.concurrent.ConcurrentHashMap.containsKey(Ljava/lang/Object;)Z @ 5

Internal exceptions (10 events):
Event: 142.590 Thread 0x0000000057940000 Exception <a 'java/net/SocketTimeoutException': Read timed out> (0x00000000ebff2eb8) thrown at [C:\re\workspace\8-2-build-windows-amd64-cygwin\jdk8u144\9417\hotspot\src\share\vm\prims\jni.cpp, line 735]
Event: 142.603 Thread 0x0000000057940000 Exception <a 'java/net/SocketTimeoutException': Read timed out> (0x00000000ebffe8c8) thrown at [C:\re\workspace\8-2-build-windows-amd64-cygwin\jdk8u144\9417\hotspot\src\share\vm\prims\jni.cpp, line 735]
Event: 142.619 Thread 0x0000000057940000 Exception <a 'java/net/SocketTimeoutException': Read timed out> (0x00000000ec00c4d0) thrown at [C:\re\workspace\8-2-build-windows-amd64-cygwin\jdk8u144\9417\hotspot\src\share\vm\prims\jni.cpp, line 735]
Event: 142.635 Thread 0x0000000057940000 Exception <a 'java/net/SocketTimeoutException': Read timed out> (0x00000000ec018ff0) thrown at [C:\re\workspace\8-2-build-windows-amd64-cygwin\jdk8u144\9417\hotspot\src\share\vm\prims\jni.cpp, line 735]
Event: 142.650 Thread 0x0000000057940000 Exception <a 'java/net/SocketTimeoutException': Read timed out> (0x00000000ec024ca0) thrown at [C:\re\workspace\8-2-build-windows-amd64-cygwin\jdk8u144\9417\hotspot\src\share\vm\prims\jni.cpp, line 735]
Event: 143.662 Thread 0x0000000057940000 Exception <a 'java/net/SocketTimeoutException': Read timed out> (0x00000000ec031a00) thrown at [C:\re\workspace\8-2-build-windows-amd64-cygwin\jdk8u144\9417\hotspot\src\share\vm\prims\jni.cpp, line 735]
Event: 143.685 Thread 0x0000000057940000 Exception <a 'java/net/SocketTimeoutException': Read timed out> (0x00000000ec03c6e0) thrown at [C:\re\workspace\8-2-build-windows-amd64-cygwin\jdk8u144\9417\hotspot\src\share\vm\prims\jni.cpp, line 735]
Event: 144.701 Thread 0x0000000057940000 Exception <a 'java/net/SocketTimeoutException': Read timed out> (0x00000000ec0481a0) thrown at [C:\re\workspace\8-2-build-windows-amd64-cygwin\jdk8u144\9417\hotspot\src\share\vm\prims\jni.cpp, line 735]
Event: 144.731 Thread 0x0000000057940000 Exception <a 'java/net/SocketTimeoutException': Read timed out> (0x00000000ec055920) thrown at [C:\re\workspace\8-2-build-windows-amd64-cygwin\jdk8u144\9417\hotspot\src\share\vm\prims\jni.cpp, line 735]
Event: 144.795 Thread 0x0000000057940000 Exception <a 'java/lang/reflect/InvocationTargetException'> (0x00000000ec095800) thrown at [C:\re\workspace\8-2-build-windows-amd64-cygwin\jdk8u144\9417\hotspot\src\share\vm\runtime\reflection.cpp, line 1092]

Events (10 events):
Event: 145.521 Executing VM operation: BulkRevokeBias
Event: 145.521 Executing VM operation: BulkRevokeBias done
Event: 145.521 Executing VM operation: RevokeBias
Event: 145.521 Executing VM operation: RevokeBias done
Event: 145.523 loading class org/testng/reporters/jq/TimesPanel$1
Event: 145.523 loading class org/testng/reporters/jq/TimesPanel$1 done
Event: 145.525 loading class org/testng/reporters/jq/ChronologicalPanel$1
Event: 145.525 loading class org/testng/reporters/jq/ChronologicalPanel$1 done
Event: 145.526 loading class org/testng/reporters/Files
Event: 145.526 loading class org/testng/reporters/Files done


Dynamic libraries:
0x000000013f8b0000 - 0x000000013f8e7000 	C:\Program Files\Java\jdk1.8.0_144\bin\javaw.exe
0x0000000077270000 - 0x000000007740f000 	C:\Windows\SYSTEM32\ntdll.dll
0x0000000077150000 - 0x000000007726f000 	C:\Windows\system32\kernel32.dll
0x000007fefcec0000 - 0x000007fefcf2a000 	C:\Windows\system32\KERNELBASE.dll
0x000007fefde40000 - 0x000007fefdf1b000 	C:\Windows\system32\ADVAPI32.dll
0x000007fefdad0000 - 0x000007fefdb6f000 	C:\Windows\system32\msvcrt.dll
0x000007fefd540000 - 0x000007fefd55f000 	C:\Windows\SYSTEM32\sechost.dll
0x000007fefd9a0000 - 0x000007fefdacd000 	C:\Windows\system32\RPCRT4.dll
0x0000000077050000 - 0x000000007714a000 	C:\Windows\system32\USER32.dll
0x000007fefdb70000 - 0x000007fefdbd7000 	C:\Windows\system32\GDI32.dll
0x000007fefed80000 - 0x000007fefed8e000 	C:\Windows\system32\LPK.dll
0x000007fefecb0000 - 0x000007fefed7b000 	C:\Windows\system32\USP10.dll
0x000007fefb740000 - 0x000007fefb934000 	C:\Windows\WinSxS\amd64_microsoft.windows.common-controls_6595b64144ccf1df_6.0.7601.18837_none_fa3b1e3d17594757\COMCTL32.dll
0x000007fefdd60000 - 0x000007fefddd1000 	C:\Windows\system32\SHLWAPI.dll
0x000007feff3a0000 - 0x000007feff3ce000 	C:\Windows\system32\IMM32.DLL
0x000007fefd890000 - 0x000007fefd999000 	C:\Windows\system32\MSCTF.dll
0x000000006dff0000 - 0x000000006e0c2000 	C:\Program Files\Java\jdk1.8.0_144\jre\bin\msvcr100.dll
0x000000006f9d0000 - 0x000000007026d000 	C:\Program Files\Java\jdk1.8.0_144\jre\bin\server\jvm.dll
0x000007fef9540000 - 0x000007fef9549000 	C:\Windows\system32\WSOCK32.dll
0x000007fefef70000 - 0x000007fefefbd000 	C:\Windows\system32\WS2_32.dll
0x000007fefd170000 - 0x000007fefd178000 	C:\Windows\system32\NSI.dll
0x000007fefcdf0000 - 0x000007fefce2b000 	C:\Windows\system32\WINMM.dll
0x000007fefbe00000 - 0x000007fefbe0c000 	C:\Windows\system32\VERSION.dll
0x0000000077410000 - 0x0000000077417000 	C:\Windows\system32\PSAPI.DLL
0x000000006f9c0000 - 0x000000006f9cf000 	C:\Program Files\Java\jdk1.8.0_144\jre\bin\verify.dll
0x000000006f990000 - 0x000000006f9b9000 	C:\Program Files\Java\jdk1.8.0_144\jre\bin\java.dll
0x0000000180000000 - 0x0000000180031000 	C:\Windows\system32\jvmhook.dll
0x000007fefd340000 - 0x000007fefd53f000 	C:\Windows\system32\ole32.dll
0x000007fefdbe0000 - 0x000007fefdcba000 	C:\Windows\system32\OLEAUT32.dll
0x000007fef5370000 - 0x000007fef53a1000 	C:\Windows\system32\atl110.DLL
0x000007fef5110000 - 0x000007fef51b7000 	C:\Windows\system32\MSVCP110.dll
0x000007fef4f90000 - 0x000007fef5064000 	C:\Windows\system32\MSVCR110.dll
0x000000006f620000 - 0x000000006f636000 	C:\Program Files\Java\jdk1.8.0_144\jre\bin\zip.dll
0x000007fefdf20000 - 0x000007fefecaa000 	C:\Windows\system32\SHELL32.dll
0x000007fefcd10000 - 0x000007fefcd1f000 	C:\Windows\system32\profapi.dll
0x000000006f600000 - 0x000000006f61a000 	C:\Program Files\Java\jdk1.8.0_144\jre\bin\net.dll
0x000007fefc460000 - 0x000007fefc4b5000 	C:\Windows\system32\mswsock.dll
0x000007fefc450000 - 0x000007fefc457000 	C:\Windows\System32\wship6.dll
0x000007fefbed0000 - 0x000007fefbed7000 	C:\Windows\System32\wshtcpip.dll
0x000007fefc2e0000 - 0x000007fefc33b000 	C:\Windows\system32\DNSAPI.dll
0x000007fefab50000 - 0x000007fefab77000 	C:\Windows\system32\IPHLPAPI.DLL
0x000007fefa9d0000 - 0x000007fefa9db000 	C:\Windows\system32\WINNSI.DLL
0x000007fef95e0000 - 0x000007fef95f1000 	C:\Windows\system32\dhcpcsvc6.DLL
0x000007fefa460000 - 0x000007fefa478000 	C:\Windows\system32\dhcpcsvc.DLL
0x000007fef9330000 - 0x000007fef9338000 	C:\Windows\system32\rasadhlp.dll
0x000007fef9ac0000 - 0x000007fef9b13000 	C:\Windows\System32\fwpuclnt.dll
0x000007fefc4c0000 - 0x000007fefc4d7000 	C:\Windows\system32\CRYPTSP.dll
0x000007fefc1c0000 - 0x000007fefc207000 	C:\Windows\system32\rsaenh.dll
0x000007fefcea0000 - 0x000007fefcebe000 	C:\Windows\system32\USERENV.dll
0x000007fefcb70000 - 0x000007fefcb7f000 	C:\Windows\system32\CRYPTBASE.dll
0x000000006f5e0000 - 0x000000006f5f1000 	C:\Program Files\Java\jdk1.8.0_144\jre\bin\nio.dll
0x000007fefab90000 - 0x000007fefabc8000 	F:\yulei_Java_demo\iplatform_Auto\lib\AutoIt\jacob-1.19-x64.dll
0x000007fefd2a0000 - 0x000007fefd339000 	C:\Windows\system32\CLBCatQ.DLL
0x000007fefcc20000 - 0x000007fefcc34000 	C:\Windows\system32\RpcRtRemote.dll
0x00000000568f0000 - 0x00000000569b9000 	C:\Program Files (x86)\kingsoft\kingsoft antivirus\kwsui64.dll
0x000000006f4b0000 - 0x000000006f4d4000 	C:\Program Files\Java\jdk1.8.0_144\jre\bin\sunec.dll
0x000007fefcb10000 - 0x000007fefcb67000 	C:\Windows\system32\apphelp.dll
0x000007fefcb80000 - 0x000007fefcc11000 	C:\Windows\system32\SXS.DLL
0x000007fefafd0000 - 0x000007fefafe5000 	C:\Windows\system32\NLAapi.dll
0x000007fef8700000 - 0x000007fef8715000 	C:\Windows\system32\napinsp.dll
0x000007fef8bf0000 - 0x000007fef8c09000 	C:\Windows\system32\pnrpnsp.dll
0x000007fef8680000 - 0x000007fef868b000 	C:\Windows\System32\winrnr.dll
0x000007fef8c80000 - 0x000007fef8da5000 	C:\Windows\system32\dbghelp.dll

VM Arguments:
jvm_args: -agentlib:jvmhook -ea -Dfile.encoding=GBK -Xrunjvmhook -Xbootclasspath/a:C:\Program Files (x86)\HP\Unified Functional Testing\bin\java_shared\classes;C:\Program Files (x86)\HP\Unified Functional Testing\\bin\java_shared\classes\jasmine.jar 
java_command: org.testng.remote.RemoteTestNG -serport 50013 -protocol json -d F:\yulei_Java_demo\iplatform_Auto\test-output C:\Users\yulei\AppData\Local\Temp\testng-eclipse--1973176852\testng-customsuite.xml
java_class_path (initial): D:\Program Files\eclipse\configuration\org.eclipse.osgi\499\0\.cp\lib\testng-remote.jar;F:\yulei_Java_demo\iplatform_Auto\bin;F:\yulei_Java_demo\com.iplatform\lib\dom4j-1.6.1.jar;F:\yulei_Java_demo\com.iplatform\lib\dom4j-1.6.1-hudson-3.jar;F:\yulei_Java_demo\com.iplatform\lib\dom4j-1.6.1-hudson-3-sources.jar;F:\yulei_Java_demo\com.iplatform\lib\jxl-2.6.12.jar;F:\yulei_Java_demo\com.iplatform\lib\jxl-2.6.12-sources.jar;F:\yulei_Java_demo\iplatform_Auto\lib\AutoIt\AutoItX4Java.jar;F:\yulei_Java_demo\iplatform_Auto\lib\AutoIt\jacob.jar;F:\yulei_Java_demo\iplatform_Auto\lib\commons-net-3.6.jar;F:\yulei_Java_demo\iplatform_Auto\lib\ashot-1.5.4.jar;F:\yulei_Java_demo\iplatform_Auto\lib\gson-2.6.2.jar;F:\yulei_Java_demo\iplatform_Auto\lib\hamcrest-core-1.3.jar;F:\yulei_Java_demo\iplatform_Auto\lib\selenium-java-2.53.0.jar;F:\yulei_Java_demo\iplatform_Auto\lib\selenium-java-2.53.0-srcs.jar;F:\yulei_Java_demo\iplatform_Auto\lib\selenium-server-standalone-2.53.0.jar
Launcher Type: SUN_STANDARD

Environment Variables:
JAVA_HOME=C:\Program Files\Java\jdk1.8.0_144
JAVA_TOOL_OPTIONS=-agentlib:jvmhook
_JAVA_OPTIONS=-Xrunjvmhook -Xbootclasspath/a:"C:\Program Files (x86)\HP\Unified Functional Testing\bin\java_shared\classes";"C:\Program Files (x86)\HP\Unified Functional Testing\\bin\java_shared\classes\jasmine.jar"
CLASSPATH=.;C:\Program Files\Java\jdk1.8.0_144\lib\dt.jar;C:\Program Files\Java\jdk1.8.0_144\lib\tools.jar;
PATH=C:/Program Files/Java/jdk1.8.0_144/bin/../jre/bin/server;C:/Program Files/Java/jdk1.8.0_144/bin/../jre/bin;C:/Program Files/Java/jdk1.8.0_144/bin/../jre/lib/amd64;D:\app\yulei\product\11.2.0\client_4;D:\app\yulei\product\11.2.0\client_3;D:\app\yulei\product\11.2.0\client_1;D:\app\yulei\product\11.2.0\client_2;C:\Program Files\Java\jdk1.8.0_144\bin;C:\Program Files\Java\jdk1.8.0_144\jre\bin;C:\Program Files (x86)\Common Files\NetSarang;C:\Windows\system32;C:\Windows;C:\Windows\System32\Wbem;C:\Windows\System32\WindowsPowerShell\v1.0\;C:\Program Files (x86)\Microsoft SQL Server\90\Tools\binn\;C:\Program Files (x86)\HP\Unified Functional Testing\bin;C:\WebDriver;C:\Program Files (x86)\Python37-32;C:\Program Files\Git\cmd;C:\Program Files (x86)\Skype\Phone\;D:\Program Files\eclipse;;C:\Program Files (x86)\HP\Unified Functional Testing\\bin64
USERNAME=yulei
OS=Windows_NT
PROCESSOR_IDENTIFIER=Intel64 Family 6 Model 42 Stepping 7, GenuineIntel



---------------  S Y S T E M  ---------------

OS: Windows 7 , 64 bit Build 7601 (6.1.7601.24335)

CPU:total 4 (initial active 4) (2 cores per cpu, 2 threads per core) family 6 model 42 stepping 7, cmov, cx8, fxsr, mmx, sse, sse2, sse3, ssse3, sse4.1, sse4.2, popcnt, avx, clmul, ht, tsc, tscinvbit

Memory: 4k page, physical 4072508k(780080k free), swap 12370184k(8370576k free)

vm_info: Java HotSpot(TM) 64-Bit Server VM (25.144-b01) for windows-amd64 JRE (1.8.0_144-b01), built on Jul 21 2017 21:57:33 by "java_re" with MS VC++ 10.0 (VS2010)

time: Mon Mar 22 20:48:58 2021
elapsed time: 145 seconds (0d 0h 2m 25s)

